{"/Users/allengregorystewart/Dropbox/My Mac (Allen’s iMac)/Desktop/kno_app/backend/server.js": {"path":"/Users/allengregorystewart/Dropbox/My Mac (Allen’s iMac)/Desktop/kno_app/backend/server.js","statementMap":{"0":{"start":{"line":1,"column":13},"end":{"line":1,"column":28}},"1":{"start":{"line":2,"column":0},"end":{"line":2,"column":27}},"2":{"start":{"line":3,"column":16},"end":{"line":3,"column":34}},"3":{"start":{"line":4,"column":15},"end":{"line":4,"column":32}},"4":{"start":{"line":5,"column":18},"end":{"line":5,"column":47}},"5":{"start":{"line":6,"column":17},"end":{"line":6,"column":36}},"6":{"start":{"line":7,"column":13},"end":{"line":7,"column":28}},"7":{"start":{"line":8,"column":21},"end":{"line":8,"column":45}},"8":{"start":{"line":10,"column":12},"end":{"line":10,"column":21}},"9":{"start":{"line":14,"column":0},"end":{"line":14,"column":26}},"10":{"start":{"line":16,"column":14},"end":{"line":16,"column":70}},"11":{"start":{"line":17,"column":0},"end":{"line":19,"column":51}},"12":{"start":{"line":18,"column":14},"end":{"line":18,"column":44}},"13":{"start":{"line":19,"column":16},"end":{"line":19,"column":49}},"14":{"start":{"line":21,"column":0},"end":{"line":21,"column":48}},"15":{"start":{"line":22,"column":0},"end":{"line":22,"column":30}},"16":{"start":{"line":24,"column":0},"end":{"line":24,"column":18}},"17":{"start":{"line":25,"column":0},"end":{"line":25,"column":56}},"18":{"start":{"line":28,"column":0},"end":{"line":28,"column":24}},"19":{"start":{"line":31,"column":15},"end":{"line":31,"column":69}},"20":{"start":{"line":32,"column":12},"end":{"line":32,"column":35}},"21":{"start":{"line":35,"column":0},"end":{"line":48,"column":3}},"22":{"start":{"line":36,"column":16},"end":{"line":36,"column":48}},"23":{"start":{"line":37,"column":2},"end":{"line":37,"column":28}},"24":{"start":{"line":37,"column":14},"end":{"line":37,"column":28}},"25":{"start":{"line":38,"column":2},"end":{"line":46,"column":3}},"26":{"start":{"line":39,"column":20},"end":{"line":39,"column":83}},"27":{"start":{"line":40,"column":4},"end":{"line":40,"column":23}},"28":{"start":{"line":41,"column":17},"end":{"line":41,"column":41}},"29":{"start":{"line":42,"column":14},"end":{"line":42,"column":45}},"30":{"start":{"line":43,"column":4},"end":{"line":43,"column":38}},"31":{"start":{"line":43,"column":11},"end":{"line":43,"column":38}},"32":{"start":{"line":47,"column":2},"end":{"line":47,"column":16}},"33":{"start":{"line":50,"column":0},"end":{"line":96,"column":3}},"34":{"start":{"line":51,"column":14},"end":{"line":51,"column":45}},"35":{"start":{"line":52,"column":14},"end":{"line":52,"column":18}},"36":{"start":{"line":53,"column":2},"end":{"line":62,"column":3}},"37":{"start":{"line":54,"column":4},"end":{"line":58,"column":5}},"38":{"start":{"line":55,"column":6},"end":{"line":55,"column":95}},"39":{"start":{"line":57,"column":6},"end":{"line":57,"column":23}},"40":{"start":{"line":60,"column":4},"end":{"line":60,"column":73}},"41":{"start":{"line":61,"column":4},"end":{"line":61,"column":65}},"42":{"start":{"line":64,"column":2},"end":{"line":93,"column":3}},"43":{"start":{"line":65,"column":20},"end":{"line":65,"column":37}},"44":{"start":{"line":66,"column":21},"end":{"line":66,"column":43}},"45":{"start":{"line":67,"column":19},"end":{"line":67,"column":34}},"46":{"start":{"line":68,"column":17},"end":{"line":68,"column":30}},"47":{"start":{"line":69,"column":4},"end":{"line":92,"column":5}},"48":{"start":{"line":70,"column":6},"end":{"line":91,"column":7}},"49":{"start":{"line":71,"column":21},"end":{"line":71,"column":45}},"50":{"start":{"line":72,"column":21},"end":{"line":72,"column":48}},"51":{"start":{"line":73,"column":8},"end":{"line":88,"column":9}},"52":{"start":{"line":74,"column":22},"end":{"line":74,"column":32}},"53":{"start":{"line":75,"column":10},"end":{"line":85,"column":11}},"54":{"start":{"line":76,"column":12},"end":{"line":76,"column":34}},"55":{"start":{"line":77,"column":12},"end":{"line":77,"column":79}},"56":{"start":{"line":78,"column":12},"end":{"line":78,"column":42}},"57":{"start":{"line":79,"column":17},"end":{"line":85,"column":11}},"58":{"start":{"line":80,"column":12},"end":{"line":80,"column":30}},"59":{"start":{"line":81,"column":12},"end":{"line":81,"column":80}},"60":{"start":{"line":82,"column":12},"end":{"line":82,"column":41}},"61":{"start":{"line":83,"column":17},"end":{"line":85,"column":11}},"62":{"start":{"line":84,"column":12},"end":{"line":84,"column":75}},"63":{"start":{"line":86,"column":10},"end":{"line":86,"column":28}},"64":{"start":{"line":87,"column":10},"end":{"line":87,"column":76}},"65":{"start":{"line":90,"column":8},"end":{"line":90,"column":69}},"66":{"start":{"line":95,"column":2},"end":{"line":95,"column":31}},"67":{"start":{"line":98,"column":0},"end":{"line":98,"column":24}},"68":{"start":{"line":99,"column":0},"end":{"line":99,"column":48}},"69":{"start":{"line":100,"column":0},"end":{"line":100,"column":16}},"70":{"start":{"line":102,"column":0},"end":{"line":102,"column":54}},"71":{"start":{"line":105,"column":0},"end":{"line":105,"column":40}},"72":{"start":{"line":106,"column":0},"end":{"line":106,"column":43}},"73":{"start":{"line":107,"column":0},"end":{"line":107,"column":51}},"74":{"start":{"line":108,"column":0},"end":{"line":108,"column":45}},"75":{"start":{"line":110,"column":13},"end":{"line":110,"column":37}},"76":{"start":{"line":112,"column":0},"end":{"line":114,"column":1}},"77":{"start":{"line":113,"column":2},"end":{"line":113,"column":84}},"78":{"start":{"line":113,"column":25},"end":{"line":113,"column":82}},"79":{"start":{"line":116,"column":0},"end":{"line":116,"column":21}}},"fnMap":{"0":{"name":"(anonymous_0)","decl":{"start":{"line":18,"column":8},"end":{"line":18,"column":9}},"loc":{"start":{"line":18,"column":14},"end":{"line":18,"column":44}},"line":18},"1":{"name":"(anonymous_1)","decl":{"start":{"line":19,"column":9},"end":{"line":19,"column":10}},"loc":{"start":{"line":19,"column":16},"end":{"line":19,"column":49}},"line":19},"2":{"name":"(anonymous_2)","decl":{"start":{"line":35,"column":8},"end":{"line":35,"column":9}},"loc":{"start":{"line":35,"column":34},"end":{"line":48,"column":1}},"line":35},"3":{"name":"(anonymous_3)","decl":{"start":{"line":50,"column":64},"end":{"line":50,"column":65}},"loc":{"start":{"line":50,"column":84},"end":{"line":96,"column":1}},"line":50},"4":{"name":"(anonymous_4)","decl":{"start":{"line":113,"column":19},"end":{"line":113,"column":20}},"loc":{"start":{"line":113,"column":25},"end":{"line":113,"column":82}},"line":113}},"branchMap":{"0":{"loc":{"start":{"line":16,"column":14},"end":{"line":16,"column":70}},"type":"binary-expr","locations":[{"start":{"line":16,"column":14},"end":{"line":16,"column":35}},{"start":{"line":16,"column":39},"end":{"line":16,"column":70}}],"line":16},"1":{"loc":{"start":{"line":31,"column":33},"end":{"line":31,"column":68}},"type":"binary-expr","locations":[{"start":{"line":31,"column":33},"end":{"line":31,"column":62}},{"start":{"line":31,"column":66},"end":{"line":31,"column":68}}],"line":31},"2":{"loc":{"start":{"line":36,"column":16},"end":{"line":36,"column":48}},"type":"binary-expr","locations":[{"start":{"line":36,"column":16},"end":{"line":36,"column":27}},{"start":{"line":36,"column":31},"end":{"line":36,"column":48}}],"line":36},"3":{"loc":{"start":{"line":37,"column":2},"end":{"line":37,"column":28}},"type":"if","locations":[{"start":{"line":37,"column":2},"end":{"line":37,"column":28}},{"start":{},"end":{}}],"line":37},"4":{"loc":{"start":{"line":39,"column":38},"end":{"line":39,"column":82}},"type":"binary-expr","locations":[{"start":{"line":39,"column":38},"end":{"line":39,"column":60}},{"start":{"line":39,"column":64},"end":{"line":39,"column":82}}],"line":39},"5":{"loc":{"start":{"line":43,"column":4},"end":{"line":43,"column":38}},"type":"if","locations":[{"start":{"line":43,"column":4},"end":{"line":43,"column":38}},{"start":{},"end":{}}],"line":43},"6":{"loc":{"start":{"line":54,"column":4},"end":{"line":58,"column":5}},"type":"if","locations":[{"start":{"line":54,"column":4},"end":{"line":58,"column":5}},{"start":{"line":56,"column":11},"end":{"line":58,"column":5}}],"line":54},"7":{"loc":{"start":{"line":64,"column":2},"end":{"line":93,"column":3}},"type":"if","locations":[{"start":{"line":64,"column":2},"end":{"line":93,"column":3}},{"start":{},"end":{}}],"line":64},"8":{"loc":{"start":{"line":66,"column":21},"end":{"line":66,"column":43}},"type":"binary-expr","locations":[{"start":{"line":66,"column":21},"end":{"line":66,"column":37}},{"start":{"line":66,"column":41},"end":{"line":66,"column":43}}],"line":66},"9":{"loc":{"start":{"line":69,"column":4},"end":{"line":92,"column":5}},"type":"if","locations":[{"start":{"line":69,"column":4},"end":{"line":92,"column":5}},{"start":{},"end":{}}],"line":69},"10":{"loc":{"start":{"line":69,"column":8},"end":{"line":69,"column":22}},"type":"binary-expr","locations":[{"start":{"line":69,"column":8},"end":{"line":69,"column":14}},{"start":{"line":69,"column":18},"end":{"line":69,"column":22}}],"line":69},"11":{"loc":{"start":{"line":73,"column":8},"end":{"line":88,"column":9}},"type":"if","locations":[{"start":{"line":73,"column":8},"end":{"line":88,"column":9}},{"start":{},"end":{}}],"line":73},"12":{"loc":{"start":{"line":75,"column":10},"end":{"line":85,"column":11}},"type":"if","locations":[{"start":{"line":75,"column":10},"end":{"line":85,"column":11}},{"start":{"line":79,"column":17},"end":{"line":85,"column":11}}],"line":75},"13":{"loc":{"start":{"line":79,"column":17},"end":{"line":85,"column":11}},"type":"if","locations":[{"start":{"line":79,"column":17},"end":{"line":85,"column":11}},{"start":{"line":83,"column":17},"end":{"line":85,"column":11}}],"line":79},"14":{"loc":{"start":{"line":83,"column":17},"end":{"line":85,"column":11}},"type":"if","locations":[{"start":{"line":83,"column":17},"end":{"line":85,"column":11}},{"start":{},"end":{}}],"line":83},"15":{"loc":{"start":{"line":84,"column":39},"end":{"line":84,"column":67}},"type":"binary-expr","locations":[{"start":{"line":84,"column":39},"end":{"line":84,"column":62}},{"start":{"line":84,"column":66},"end":{"line":84,"column":67}}],"line":84},"16":{"loc":{"start":{"line":110,"column":13},"end":{"line":110,"column":37}},"type":"binary-expr","locations":[{"start":{"line":110,"column":13},"end":{"line":110,"column":29}},{"start":{"line":110,"column":33},"end":{"line":110,"column":37}}],"line":110},"17":{"loc":{"start":{"line":112,"column":0},"end":{"line":114,"column":1}},"type":"if","locations":[{"start":{"line":112,"column":0},"end":{"line":114,"column":1}},{"start":{},"end":{}}],"line":112}},"s":{"0":5,"1":5,"2":5,"3":5,"4":5,"5":5,"6":5,"7":5,"8":5,"9":5,"10":5,"11":5,"12":5,"13":0,"14":5,"15":5,"16":5,"17":5,"18":5,"19":5,"20":5,"21":5,"22":26,"23":26,"24":12,"25":14,"26":14,"27":14,"28":14,"29":14,"30":14,"31":14,"32":14,"33":5,"34":0,"35":0,"36":0,"37":0,"38":0,"39":0,"40":0,"41":0,"42":0,"43":0,"44":0,"45":0,"46":0,"47":0,"48":0,"49":0,"50":0,"51":0,"52":0,"53":0,"54":0,"55":0,"56":0,"57":0,"58":0,"59":0,"60":0,"61":0,"62":0,"63":0,"64":0,"65":0,"66":0,"67":5,"68":5,"69":5,"70":5,"71":5,"72":5,"73":5,"74":5,"75":5,"76":5,"77":0,"78":0,"79":5},"f":{"0":5,"1":0,"2":26,"3":0,"4":0},"b":{"0":[5,0],"1":[5,5],"2":[26,26],"3":[12,14],"4":[14,0],"5":[14,0],"6":[0,0],"7":[0,0],"8":[0,0],"9":[0,0],"10":[0,0],"11":[0,0],"12":[0,0],"13":[0,0],"14":[0,0],"15":[0,0],"16":[5,0],"17":[0,5]},"_coverageSchema":"1a1c01bbd47fc00a2c39e90264f33305004495a9","hash":"baaca58d5c7abc36fcc9412b30b5b8ac87bbead1"}
,"/Users/allengregorystewart/Dropbox/My Mac (Allen’s iMac)/Desktop/kno_app/backend/middleware/auth.js": {"path":"/Users/allengregorystewart/Dropbox/My Mac (Allen’s iMac)/Desktop/kno_app/backend/middleware/auth.js","statementMap":{"0":{"start":{"line":1,"column":12},"end":{"line":1,"column":35}},"1":{"start":{"line":3,"column":19},"end":{"line":3,"column":63}},"2":{"start":{"line":6,"column":16},"end":{"line":6,"column":48}},"3":{"start":{"line":7,"column":2},"end":{"line":7,"column":49}},"4":{"start":{"line":7,"column":14},"end":{"line":7,"column":49}},"5":{"start":{"line":8,"column":2},"end":{"line":14,"column":3}},"6":{"start":{"line":9,"column":20},"end":{"line":9,"column":49}},"7":{"start":{"line":10,"column":4},"end":{"line":10,"column":23}},"8":{"start":{"line":11,"column":4},"end":{"line":11,"column":18}},"9":{"start":{"line":13,"column":4},"end":{"line":13,"column":39}},"10":{"start":{"line":17,"column":0},"end":{"line":17,"column":29}}},"fnMap":{"0":{"name":"requireAuth","decl":{"start":{"line":5,"column":9},"end":{"line":5,"column":20}},"loc":{"start":{"line":5,"column":36},"end":{"line":15,"column":1}},"line":5}},"branchMap":{"0":{"loc":{"start":{"line":3,"column":19},"end":{"line":3,"column":63}},"type":"binary-expr","locations":[{"start":{"line":3,"column":19},"end":{"line":3,"column":41}},{"start":{"line":3,"column":45},"end":{"line":3,"column":63}}],"line":3},"1":{"loc":{"start":{"line":6,"column":16},"end":{"line":6,"column":48}},"type":"binary-expr","locations":[{"start":{"line":6,"column":16},"end":{"line":6,"column":27}},{"start":{"line":6,"column":31},"end":{"line":6,"column":48}}],"line":6},"2":{"loc":{"start":{"line":7,"column":2},"end":{"line":7,"column":49}},"type":"if","locations":[{"start":{"line":7,"column":2},"end":{"line":7,"column":49}},{"start":{},"end":{}}],"line":7}},"s":{"0":5,"1":5,"2":15,"3":15,"4":1,"5":14,"6":14,"7":14,"8":14,"9":0,"10":5},"f":{"0":15},"b":{"0":[5,0],"1":[15,15],"2":[1,14]},"_coverageSchema":"1a1c01bbd47fc00a2c39e90264f33305004495a9","hash":"735faf7df3b8995dcac240738f306e091baf2efb"}
,"/Users/allengregorystewart/Dropbox/My Mac (Allen’s iMac)/Desktop/kno_app/backend/middleware/privileged.js": {"path":"/Users/allengregorystewart/Dropbox/My Mac (Allen’s iMac)/Desktop/kno_app/backend/middleware/privileged.js","statementMap":{"0":{"start":{"line":1,"column":13},"end":{"line":1,"column":38}},"1":{"start":{"line":4,"column":2},"end":{"line":4,"column":52}},"2":{"start":{"line":4,"column":17},"end":{"line":4,"column":52}},"3":{"start":{"line":6,"column":2},"end":{"line":6,"column":47}},"4":{"start":{"line":6,"column":33},"end":{"line":6,"column":47}},"5":{"start":{"line":8,"column":15},"end":{"line":8,"column":47}},"6":{"start":{"line":9,"column":2},"end":{"line":9,"column":48}},"7":{"start":{"line":9,"column":13},"end":{"line":9,"column":48}},"8":{"start":{"line":10,"column":2},"end":{"line":10,"column":68}},"9":{"start":{"line":10,"column":54},"end":{"line":10,"column":68}},"10":{"start":{"line":11,"column":2},"end":{"line":11,"column":50}},"11":{"start":{"line":14,"column":0},"end":{"line":14,"column":35}}},"fnMap":{"0":{"name":"requirePrivileged","decl":{"start":{"line":3,"column":15},"end":{"line":3,"column":32}},"loc":{"start":{"line":3,"column":48},"end":{"line":12,"column":1}},"line":3}},"branchMap":{"0":{"loc":{"start":{"line":4,"column":2},"end":{"line":4,"column":52}},"type":"if","locations":[{"start":{"line":4,"column":2},"end":{"line":4,"column":52}},{"start":{},"end":{}}],"line":4},"1":{"loc":{"start":{"line":6,"column":2},"end":{"line":6,"column":47}},"type":"if","locations":[{"start":{"line":6,"column":2},"end":{"line":6,"column":47}},{"start":{},"end":{}}],"line":6},"2":{"loc":{"start":{"line":9,"column":2},"end":{"line":9,"column":48}},"type":"if","locations":[{"start":{"line":9,"column":2},"end":{"line":9,"column":48}},{"start":{},"end":{}}],"line":9},"3":{"loc":{"start":{"line":10,"column":2},"end":{"line":10,"column":68}},"type":"if","locations":[{"start":{"line":10,"column":2},"end":{"line":10,"column":68}},{"start":{},"end":{}}],"line":10},"4":{"loc":{"start":{"line":10,"column":6},"end":{"line":10,"column":52}},"type":"binary-expr","locations":[{"start":{"line":10,"column":6},"end":{"line":10,"column":29}},{"start":{"line":10,"column":33},"end":{"line":10,"column":52}}],"line":10}},"s":{"0":5,"1":6,"2":0,"3":6,"4":5,"5":1,"6":1,"7":0,"8":1,"9":0,"10":1,"11":5},"f":{"0":6},"b":{"0":[0,6],"1":[5,1],"2":[0,1],"3":[0,1],"4":[1,1]},"_coverageSchema":"1a1c01bbd47fc00a2c39e90264f33305004495a9","hash":"6d27f03f1639ee80db28fe61e240f1ade00cb7be"}
,"/Users/allengregorystewart/Dropbox/My Mac (Allen’s iMac)/Desktop/kno_app/backend/middleware/tier.js": {"path":"/Users/allengregorystewart/Dropbox/My Mac (Allen’s iMac)/Desktop/kno_app/backend/middleware/tier.js","statementMap":{"0":{"start":{"line":1,"column":13},"end":{"line":1,"column":38}},"1":{"start":{"line":4,"column":14},"end":{"line":4,"column":24}},"2":{"start":{"line":5,"column":16},"end":{"line":5,"column":21}},"3":{"start":{"line":6,"column":2},"end":{"line":6,"column":61}},"4":{"start":{"line":6,"column":49},"end":{"line":6,"column":61}},"5":{"start":{"line":7,"column":2},"end":{"line":12,"column":3}},"6":{"start":{"line":8,"column":4},"end":{"line":8,"column":23}},"7":{"start":{"line":9,"column":4},"end":{"line":9,"column":32}},"8":{"start":{"line":10,"column":4},"end":{"line":10,"column":64}},"9":{"start":{"line":11,"column":4},"end":{"line":11,"column":19}},"10":{"start":{"line":13,"column":2},"end":{"line":13,"column":33}},"11":{"start":{"line":13,"column":15},"end":{"line":13,"column":33}},"12":{"start":{"line":14,"column":2},"end":{"line":14,"column":14}},"13":{"start":{"line":19,"column":2},"end":{"line":31,"column":3}},"14":{"start":{"line":20,"column":17},"end":{"line":20,"column":49}},"15":{"start":{"line":21,"column":4},"end":{"line":21,"column":50}},"16":{"start":{"line":21,"column":15},"end":{"line":21,"column":50}},"17":{"start":{"line":22,"column":4},"end":{"line":22,"column":28}},"18":{"start":{"line":23,"column":4},"end":{"line":25,"column":5}},"19":{"start":{"line":24,"column":6},"end":{"line":24,"column":98}},"20":{"start":{"line":26,"column":4},"end":{"line":26,"column":27}},"21":{"start":{"line":27,"column":4},"end":{"line":27,"column":18}},"22":{"start":{"line":29,"column":4},"end":{"line":29,"column":57}},"23":{"start":{"line":30,"column":4},"end":{"line":30,"column":48}},"24":{"start":{"line":36,"column":2},"end":{"line":49,"column":3}},"25":{"start":{"line":37,"column":17},"end":{"line":37,"column":68}},"26":{"start":{"line":38,"column":4},"end":{"line":38,"column":28}},"27":{"start":{"line":39,"column":4},"end":{"line":41,"column":5}},"28":{"start":{"line":40,"column":6},"end":{"line":40,"column":98}},"29":{"start":{"line":42,"column":4},"end":{"line":42,"column":78}},"30":{"start":{"line":43,"column":4},"end":{"line":43,"column":22}},"31":{"start":{"line":44,"column":4},"end":{"line":44,"column":27}},"32":{"start":{"line":45,"column":4},"end":{"line":45,"column":18}},"33":{"start":{"line":47,"column":4},"end":{"line":47,"column":53}},"34":{"start":{"line":48,"column":4},"end":{"line":48,"column":48}},"35":{"start":{"line":54,"column":2},"end":{"line":68,"column":3}},"36":{"start":{"line":55,"column":4},"end":{"line":67,"column":5}},"37":{"start":{"line":56,"column":19},"end":{"line":56,"column":70}},"38":{"start":{"line":57,"column":6},"end":{"line":57,"column":30}},"39":{"start":{"line":58,"column":20},"end":{"line":58,"column":44}},"40":{"start":{"line":59,"column":6},"end":{"line":61,"column":7}},"41":{"start":{"line":60,"column":8},"end":{"line":60,"column":90}},"42":{"start":{"line":62,"column":6},"end":{"line":62,"column":29}},"43":{"start":{"line":63,"column":6},"end":{"line":63,"column":20}},"44":{"start":{"line":65,"column":6},"end":{"line":65,"column":54}},"45":{"start":{"line":66,"column":6},"end":{"line":66,"column":50}},"46":{"start":{"line":71,"column":0},"end":{"line":71,"column":74}}},"fnMap":{"0":{"name":"refreshTier","decl":{"start":{"line":3,"column":15},"end":{"line":3,"column":26}},"loc":{"start":{"line":3,"column":32},"end":{"line":15,"column":1}},"line":3},"1":{"name":"checkQuestionAccess","decl":{"start":{"line":18,"column":15},"end":{"line":18,"column":34}},"loc":{"start":{"line":18,"column":50},"end":{"line":32,"column":1}},"line":18},"2":{"name":"consumeQuestion","decl":{"start":{"line":35,"column":15},"end":{"line":35,"column":30}},"loc":{"start":{"line":35,"column":46},"end":{"line":50,"column":1}},"line":35},"3":{"name":"requireFeature","decl":{"start":{"line":53,"column":9},"end":{"line":53,"column":23}},"loc":{"start":{"line":53,"column":32},"end":{"line":69,"column":1}},"line":53},"4":{"name":"(anonymous_4)","decl":{"start":{"line":54,"column":9},"end":{"line":54,"column":10}},"loc":{"start":{"line":54,"column":39},"end":{"line":68,"column":3}},"line":54}},"branchMap":{"0":{"loc":{"start":{"line":6,"column":2},"end":{"line":6,"column":61}},"type":"if","locations":[{"start":{"line":6,"column":2},"end":{"line":6,"column":61}},{"start":{},"end":{}}],"line":6},"1":{"loc":{"start":{"line":6,"column":6},"end":{"line":6,"column":47}},"type":"binary-expr","locations":[{"start":{"line":6,"column":6},"end":{"line":6,"column":23}},{"start":{"line":6,"column":27},"end":{"line":6,"column":47}}],"line":6},"2":{"loc":{"start":{"line":7,"column":2},"end":{"line":12,"column":3}},"type":"if","locations":[{"start":{"line":7,"column":2},"end":{"line":12,"column":3}},{"start":{},"end":{}}],"line":7},"3":{"loc":{"start":{"line":7,"column":6},"end":{"line":7,"column":48}},"type":"binary-expr","locations":[{"start":{"line":7,"column":6},"end":{"line":7,"column":22}},{"start":{"line":7,"column":26},"end":{"line":7,"column":48}}],"line":7},"4":{"loc":{"start":{"line":13,"column":2},"end":{"line":13,"column":33}},"type":"if","locations":[{"start":{"line":13,"column":2},"end":{"line":13,"column":33}},{"start":{},"end":{}}],"line":13},"5":{"loc":{"start":{"line":21,"column":4},"end":{"line":21,"column":50}},"type":"if","locations":[{"start":{"line":21,"column":4},"end":{"line":21,"column":50}},{"start":{},"end":{}}],"line":21},"6":{"loc":{"start":{"line":23,"column":4},"end":{"line":25,"column":5}},"type":"if","locations":[{"start":{"line":23,"column":4},"end":{"line":25,"column":5}},{"start":{},"end":{}}],"line":23},"7":{"loc":{"start":{"line":23,"column":9},"end":{"line":23,"column":37}},"type":"binary-expr","locations":[{"start":{"line":23,"column":9},"end":{"line":23,"column":32}},{"start":{"line":23,"column":36},"end":{"line":23,"column":37}}],"line":23},"8":{"loc":{"start":{"line":37,"column":17},"end":{"line":37,"column":68}},"type":"binary-expr","locations":[{"start":{"line":37,"column":17},"end":{"line":37,"column":32}},{"start":{"line":37,"column":36},"end":{"line":37,"column":68}}],"line":37},"9":{"loc":{"start":{"line":39,"column":4},"end":{"line":41,"column":5}},"type":"if","locations":[{"start":{"line":39,"column":4},"end":{"line":41,"column":5}},{"start":{},"end":{}}],"line":39},"10":{"loc":{"start":{"line":39,"column":9},"end":{"line":39,"column":37}},"type":"binary-expr","locations":[{"start":{"line":39,"column":9},"end":{"line":39,"column":32}},{"start":{"line":39,"column":36},"end":{"line":39,"column":37}}],"line":39},"11":{"loc":{"start":{"line":42,"column":43},"end":{"line":42,"column":71}},"type":"binary-expr","locations":[{"start":{"line":42,"column":43},"end":{"line":42,"column":66}},{"start":{"line":42,"column":70},"end":{"line":42,"column":71}}],"line":42},"12":{"loc":{"start":{"line":56,"column":19},"end":{"line":56,"column":70}},"type":"binary-expr","locations":[{"start":{"line":56,"column":19},"end":{"line":56,"column":34}},{"start":{"line":56,"column":38},"end":{"line":56,"column":70}}],"line":56},"13":{"loc":{"start":{"line":59,"column":6},"end":{"line":61,"column":7}},"type":"if","locations":[{"start":{"line":59,"column":6},"end":{"line":61,"column":7}},{"start":{},"end":{}}],"line":59}},"s":{"0":5,"1":6,"2":6,"3":6,"4":6,"5":0,"6":0,"7":0,"8":0,"9":0,"10":0,"11":0,"12":0,"13":0,"14":0,"15":0,"16":0,"17":0,"18":0,"19":0,"20":0,"21":0,"22":0,"23":0,"24":6,"25":6,"26":6,"27":6,"28":0,"29":6,"30":6,"31":6,"32":6,"33":0,"34":0,"35":0,"36":0,"37":0,"38":0,"39":0,"40":0,"41":0,"42":0,"43":0,"44":0,"45":0,"46":5},"f":{"0":6,"1":0,"2":6,"3":0,"4":0},"b":{"0":[6,0],"1":[6,6],"2":[0,0],"3":[0,0],"4":[0,0],"5":[0,0],"6":[0,0],"7":[0,0],"8":[6,6],"9":[0,6],"10":[6,0],"11":[6,0],"12":[0,0],"13":[0,0]},"_coverageSchema":"1a1c01bbd47fc00a2c39e90264f33305004495a9","hash":"56ab99d8ced719afe48a43db0534e8cf5c0b4ac8"}
,"/Users/allengregorystewart/Dropbox/My Mac (Allen’s iMac)/Desktop/kno_app/backend/middleware/validators.js": {"path":"/Users/allengregorystewart/Dropbox/My Mac (Allen’s iMac)/Desktop/kno_app/backend/middleware/validators.js","statementMap":{"0":{"start":{"line":1,"column":35},"end":{"line":1,"column":63}},"1":{"start":{"line":4,"column":2},"end":{"line":16,"column":4}},"2":{"start":{"line":5,"column":19},"end":{"line":5,"column":40}},"3":{"start":{"line":6,"column":4},"end":{"line":14,"column":5}},"4":{"start":{"line":7,"column":18},"end":{"line":7,"column":39}},"5":{"start":{"line":9,"column":6},"end":{"line":11,"column":7}},"6":{"start":{"line":10,"column":8},"end":{"line":10,"column":52}},"7":{"start":{"line":13,"column":6},"end":{"line":13,"column":59}},"8":{"start":{"line":15,"column":4},"end":{"line":15,"column":18}},"9":{"start":{"line":19,"column":0},"end":{"line":23,"column":2}},"10":{"start":{"line":25,"column":0},"end":{"line":28,"column":2}},"11":{"start":{"line":30,"column":0},"end":{"line":32,"column":2}},"12":{"start":{"line":34,"column":0},"end":{"line":36,"column":2}},"13":{"start":{"line":38,"column":0},"end":{"line":41,"column":2}},"14":{"start":{"line":43,"column":0},"end":{"line":45,"column":2}},"15":{"start":{"line":47,"column":0},"end":{"line":47,"column":22}},"16":{"start":{"line":49,"column":0},"end":{"line":49,"column":25}}},"fnMap":{"0":{"name":"check","decl":{"start":{"line":3,"column":9},"end":{"line":3,"column":14}},"loc":{"start":{"line":3,"column":21},"end":{"line":17,"column":1}},"line":3},"1":{"name":"(anonymous_1)","decl":{"start":{"line":4,"column":9},"end":{"line":4,"column":10}},"loc":{"start":{"line":4,"column":29},"end":{"line":16,"column":3}},"line":4}},"branchMap":{"0":{"loc":{"start":{"line":6,"column":4},"end":{"line":14,"column":5}},"type":"if","locations":[{"start":{"line":6,"column":4},"end":{"line":14,"column":5}},{"start":{},"end":{}}],"line":6},"1":{"loc":{"start":{"line":9,"column":6},"end":{"line":11,"column":7}},"type":"if","locations":[{"start":{"line":9,"column":6},"end":{"line":11,"column":7}},{"start":{},"end":{}}],"line":9},"2":{"loc":{"start":{"line":9,"column":10},"end":{"line":9,"column":98}},"type":"binary-expr","locations":[{"start":{"line":9,"column":10},"end":{"line":9,"column":17}},{"start":{"line":9,"column":22},"end":{"line":9,"column":40}},{"start":{"line":9,"column":44},"end":{"line":9,"column":97}}],"line":9}},"s":{"0":5,"1":21,"2":16,"3":16,"4":0,"5":0,"6":0,"7":0,"8":16,"9":5,"10":5,"11":5,"12":5,"13":5,"14":5,"15":5,"16":5},"f":{"0":21,"1":16},"b":{"0":[0,16],"1":[0,0],"2":[0,0,0]},"_coverageSchema":"1a1c01bbd47fc00a2c39e90264f33305004495a9","hash":"2dece5b6608bee83c1ef219c8664cd705392d3da"}
,"/Users/allengregorystewart/Dropbox/My Mac (Allen’s iMac)/Desktop/kno_app/backend/models/Question.js": {"path":"/Users/allengregorystewart/Dropbox/My Mac (Allen’s iMac)/Desktop/kno_app/backend/models/Question.js","statementMap":{"0":{"start":{"line":1,"column":17},"end":{"line":1,"column":36}},"1":{"start":{"line":3,"column":23},"end":{"line":9,"column":2}},"2":{"start":{"line":11,"column":0},"end":{"line":11,"column":60}}},"fnMap":{},"branchMap":{},"s":{"0":6,"1":6,"2":6},"f":{},"b":{},"_coverageSchema":"1a1c01bbd47fc00a2c39e90264f33305004495a9","hash":"48bc0a6543b6cfbe7a282f69191c0730f0e69a35"}
,"/Users/allengregorystewart/Dropbox/My Mac (Allen’s iMac)/Desktop/kno_app/backend/models/SavedPage.js": {"path":"/Users/allengregorystewart/Dropbox/My Mac (Allen’s iMac)/Desktop/kno_app/backend/models/SavedPage.js","statementMap":{"0":{"start":{"line":1,"column":17},"end":{"line":1,"column":36}},"1":{"start":{"line":3,"column":24},"end":{"line":7,"column":2}},"2":{"start":{"line":9,"column":0},"end":{"line":9,"column":62}}},"fnMap":{},"branchMap":{},"s":{"0":5,"1":5,"2":5},"f":{},"b":{},"_coverageSchema":"1a1c01bbd47fc00a2c39e90264f33305004495a9","hash":"802efe91fea33cb73a2890d6114c1043350899da"}
,"/Users/allengregorystewart/Dropbox/My Mac (Allen’s iMac)/Desktop/kno_app/backend/models/Submission.js": {"path":"/Users/allengregorystewart/Dropbox/My Mac (Allen’s iMac)/Desktop/kno_app/backend/models/Submission.js","statementMap":{"0":{"start":{"line":1,"column":17},"end":{"line":1,"column":36}},"1":{"start":{"line":3,"column":25},"end":{"line":14,"column":2}},"2":{"start":{"line":16,"column":0},"end":{"line":16,"column":64}}},"fnMap":{},"branchMap":{},"s":{"0":5,"1":5,"2":5},"f":{},"b":{},"_coverageSchema":"1a1c01bbd47fc00a2c39e90264f33305004495a9","hash":"f2386fe0fe4351227653edf03600548f3e524c89"}
,"/Users/allengregorystewart/Dropbox/My Mac (Allen’s iMac)/Desktop/kno_app/backend/models/User.js": {"path":"/Users/allengregorystewart/Dropbox/My Mac (Allen’s iMac)/Desktop/kno_app/backend/models/User.js","statementMap":{"0":{"start":{"line":1,"column":17},"end":{"line":1,"column":36}},"1":{"start":{"line":3,"column":19},"end":{"line":13,"column":2}},"2":{"start":{"line":10,"column":44},"end":{"line":10,"column":81}},"3":{"start":{"line":15,"column":0},"end":{"line":15,"column":52}}},"fnMap":{"0":{"name":"(anonymous_0)","decl":{"start":{"line":10,"column":38},"end":{"line":10,"column":39}},"loc":{"start":{"line":10,"column":44},"end":{"line":10,"column":81}},"line":10}},"branchMap":{},"s":{"0":5,"1":5,"2":0,"3":5},"f":{"0":0},"b":{},"_coverageSchema":"1a1c01bbd47fc00a2c39e90264f33305004495a9","hash":"739c9afd5dcc0684233c22f77e7f37f485a4c19a"}
,"/Users/allengregorystewart/Dropbox/My Mac (Allen’s iMac)/Desktop/kno_app/backend/routes/admin.js": {"path":"/Users/allengregorystewart/Dropbox/My Mac (Allen’s iMac)/Desktop/kno_app/backend/routes/admin.js","statementMap":{"0":{"start":{"line":1,"column":16},"end":{"line":1,"column":34}},"1":{"start":{"line":2,"column":15},"end":{"line":2,"column":31}},"2":{"start":{"line":3,"column":20},"end":{"line":3,"column":49}},"3":{"start":{"line":4,"column":26},"end":{"line":4,"column":61}},"4":{"start":{"line":5,"column":19},"end":{"line":5,"column":50}},"5":{"start":{"line":6,"column":13},"end":{"line":6,"column":38}},"6":{"start":{"line":7,"column":17},"end":{"line":7,"column":46}},"7":{"start":{"line":10,"column":0},"end":{"line":15,"column":3}},"8":{"start":{"line":11,"column":17},"end":{"line":11,"column":25}},"9":{"start":{"line":12,"column":2},"end":{"line":12,"column":53}},"10":{"start":{"line":12,"column":11},"end":{"line":12,"column":53}},"11":{"start":{"line":13,"column":2},"end":{"line":13,"column":58}},"12":{"start":{"line":14,"column":2},"end":{"line":14,"column":25}},"13":{"start":{"line":18,"column":0},"end":{"line":21,"column":3}},"14":{"start":{"line":19,"column":2},"end":{"line":19,"column":51}},"15":{"start":{"line":20,"column":2},"end":{"line":20,"column":25}},"16":{"start":{"line":24,"column":0},"end":{"line":29,"column":3}},"17":{"start":{"line":25,"column":17},"end":{"line":25,"column":25}},"18":{"start":{"line":26,"column":2},"end":{"line":26,"column":53}},"19":{"start":{"line":26,"column":11},"end":{"line":26,"column":53}},"20":{"start":{"line":27,"column":2},"end":{"line":27,"column":41}},"21":{"start":{"line":28,"column":2},"end":{"line":28,"column":25}},"22":{"start":{"line":32,"column":0},"end":{"line":36,"column":3}},"23":{"start":{"line":33,"column":12},"end":{"line":33,"column":73}},"24":{"start":{"line":34,"column":2},"end":{"line":34,"column":40}},"25":{"start":{"line":34,"column":10},"end":{"line":34,"column":40}},"26":{"start":{"line":35,"column":2},"end":{"line":35,"column":47}},"27":{"start":{"line":37,"column":0},"end":{"line":49,"column":3}},"28":{"start":{"line":38,"column":20},"end":{"line":38,"column":28}},"29":{"start":{"line":40,"column":14},"end":{"line":40,"column":18}},"30":{"start":{"line":41,"column":2},"end":{"line":46,"column":3}},"31":{"start":{"line":42,"column":14},"end":{"line":42,"column":48}},"32":{"start":{"line":43,"column":16},"end":{"line":43,"column":48}},"33":{"start":{"line":44,"column":4},"end":{"line":45,"column":58}},"34":{"start":{"line":44,"column":31},"end":{"line":44,"column":46}},"35":{"start":{"line":45,"column":9},"end":{"line":45,"column":58}},"36":{"start":{"line":45,"column":36},"end":{"line":45,"column":58}},"37":{"start":{"line":47,"column":2},"end":{"line":47,"column":84}},"38":{"start":{"line":48,"column":2},"end":{"line":48,"column":25}},"39":{"start":{"line":52,"column":0},"end":{"line":56,"column":3}},"40":{"start":{"line":53,"column":12},"end":{"line":53,"column":73}},"41":{"start":{"line":54,"column":2},"end":{"line":54,"column":40}},"42":{"start":{"line":54,"column":10},"end":{"line":54,"column":40}},"43":{"start":{"line":55,"column":2},"end":{"line":55,"column":46}},"44":{"start":{"line":57,"column":0},"end":{"line":61,"column":3}},"45":{"start":{"line":58,"column":21},"end":{"line":58,"column":29}},"46":{"start":{"line":59,"column":2},"end":{"line":59,"column":109}},"47":{"start":{"line":60,"column":2},"end":{"line":60,"column":25}},"48":{"start":{"line":64,"column":0},"end":{"line":68,"column":3}},"49":{"start":{"line":65,"column":12},"end":{"line":65,"column":73}},"50":{"start":{"line":66,"column":2},"end":{"line":66,"column":40}},"51":{"start":{"line":66,"column":10},"end":{"line":66,"column":40}},"52":{"start":{"line":67,"column":2},"end":{"line":67,"column":47}},"53":{"start":{"line":71,"column":0},"end":{"line":86,"column":3}},"54":{"start":{"line":72,"column":21},"end":{"line":72,"column":42}},"55":{"start":{"line":73,"column":15},"end":{"line":73,"column":59}},"56":{"start":{"line":74,"column":16},"end":{"line":74,"column":62}},"57":{"start":{"line":75,"column":15},"end":{"line":75,"column":33}},"58":{"start":{"line":76,"column":16},"end":{"line":76,"column":73}},"59":{"start":{"line":77,"column":22},"end":{"line":77,"column":112}},"60":{"start":{"line":79,"column":19},"end":{"line":79,"column":38}},"61":{"start":{"line":80,"column":14},"end":{"line":83,"column":4}},"62":{"start":{"line":84,"column":20},"end":{"line":84,"column":74}},"63":{"start":{"line":85,"column":2},"end":{"line":85,"column":90}},"64":{"start":{"line":89,"column":0},"end":{"line":94,"column":3}},"65":{"start":{"line":90,"column":21},"end":{"line":90,"column":29}},"66":{"start":{"line":91,"column":2},"end":{"line":91,"column":61}},"67":{"start":{"line":91,"column":15},"end":{"line":91,"column":61}},"68":{"start":{"line":92,"column":2},"end":{"line":92,"column":132}},"69":{"start":{"line":93,"column":2},"end":{"line":93,"column":25}},"70":{"start":{"line":97,"column":0},"end":{"line":104,"column":3}},"71":{"start":{"line":98,"column":15},"end":{"line":98,"column":59}},"72":{"start":{"line":99,"column":16},"end":{"line":99,"column":62}},"73":{"start":{"line":100,"column":15},"end":{"line":100,"column":33}},"74":{"start":{"line":101,"column":16},"end":{"line":101,"column":47}},"75":{"start":{"line":102,"column":20},"end":{"line":102,"column":84}},"76":{"start":{"line":103,"column":2},"end":{"line":103,"column":67}},"77":{"start":{"line":107,"column":0},"end":{"line":112,"column":3}},"78":{"start":{"line":108,"column":17},"end":{"line":108,"column":25}},"79":{"start":{"line":109,"column":2},"end":{"line":109,"column":53}},"80":{"start":{"line":109,"column":11},"end":{"line":109,"column":53}},"81":{"start":{"line":110,"column":2},"end":{"line":110,"column":39}},"82":{"start":{"line":111,"column":2},"end":{"line":111,"column":35}},"83":{"start":{"line":115,"column":0},"end":{"line":119,"column":3}},"84":{"start":{"line":116,"column":12},"end":{"line":116,"column":50}},"85":{"start":{"line":117,"column":2},"end":{"line":117,"column":50}},"86":{"start":{"line":117,"column":10},"end":{"line":117,"column":50}},"87":{"start":{"line":118,"column":2},"end":{"line":118,"column":54}},"88":{"start":{"line":122,"column":0},"end":{"line":130,"column":3}},"89":{"start":{"line":123,"column":19},"end":{"line":123,"column":38}},"90":{"start":{"line":124,"column":14},"end":{"line":127,"column":4}},"91":{"start":{"line":128,"column":17},"end":{"line":128,"column":56}},"92":{"start":{"line":129,"column":2},"end":{"line":129,"column":112}},"93":{"start":{"line":133,"column":0},"end":{"line":141,"column":3}},"94":{"start":{"line":134,"column":15},"end":{"line":134,"column":58}},"95":{"start":{"line":135,"column":16},"end":{"line":135,"column":61}},"96":{"start":{"line":136,"column":15},"end":{"line":136,"column":33}},"97":{"start":{"line":137,"column":15},"end":{"line":137,"column":95}},"98":{"start":{"line":138,"column":14},"end":{"line":138,"column":34}},"99":{"start":{"line":138,"column":28},"end":{"line":138,"column":33}},"100":{"start":{"line":139,"column":2},"end":{"line":139,"column":86}},"101":{"start":{"line":139,"column":18},"end":{"line":139,"column":86}},"102":{"start":{"line":140,"column":2},"end":{"line":140,"column":53}},"103":{"start":{"line":144,"column":0},"end":{"line":160,"column":3}},"104":{"start":{"line":145,"column":20},"end":{"line":145,"column":28}},"105":{"start":{"line":146,"column":15},"end":{"line":146,"column":58}},"106":{"start":{"line":147,"column":16},"end":{"line":147,"column":61}},"107":{"start":{"line":148,"column":14},"end":{"line":148,"column":37}},"108":{"start":{"line":149,"column":14},"end":{"line":149,"column":18}},"109":{"start":{"line":150,"column":2},"end":{"line":154,"column":3}},"110":{"start":{"line":151,"column":14},"end":{"line":151,"column":48}},"111":{"start":{"line":152,"column":4},"end":{"line":153,"column":58}},"112":{"start":{"line":152,"column":31},"end":{"line":152,"column":46}},"113":{"start":{"line":153,"column":9},"end":{"line":153,"column":58}},"114":{"start":{"line":153,"column":36},"end":{"line":153,"column":58}},"115":{"start":{"line":155,"column":15},"end":{"line":155,"column":33}},"116":{"start":{"line":156,"column":15},"end":{"line":156,"column":95}},"117":{"start":{"line":157,"column":14},"end":{"line":157,"column":34}},"118":{"start":{"line":157,"column":28},"end":{"line":157,"column":33}},"119":{"start":{"line":158,"column":2},"end":{"line":158,"column":101}},"120":{"start":{"line":158,"column":18},"end":{"line":158,"column":101}},"121":{"start":{"line":159,"column":2},"end":{"line":159,"column":53}},"122":{"start":{"line":163,"column":0},"end":{"line":172,"column":3}},"123":{"start":{"line":164,"column":17},"end":{"line":164,"column":48}},"124":{"start":{"line":165,"column":15},"end":{"line":165,"column":58}},"125":{"start":{"line":166,"column":16},"end":{"line":166,"column":61}},"126":{"start":{"line":167,"column":15},"end":{"line":167,"column":33}},"127":{"start":{"line":168,"column":15},"end":{"line":168,"column":95}},"128":{"start":{"line":169,"column":14},"end":{"line":169,"column":34}},"129":{"start":{"line":169,"column":28},"end":{"line":169,"column":33}},"130":{"start":{"line":170,"column":2},"end":{"line":170,"column":94}},"131":{"start":{"line":170,"column":18},"end":{"line":170,"column":94}},"132":{"start":{"line":171,"column":2},"end":{"line":171,"column":53}},"133":{"start":{"line":175,"column":0},"end":{"line":186,"column":3}},"134":{"start":{"line":176,"column":21},"end":{"line":176,"column":40}},"135":{"start":{"line":177,"column":2},"end":{"line":177,"column":69}},"136":{"start":{"line":177,"column":19},"end":{"line":177,"column":69}},"137":{"start":{"line":178,"column":19},"end":{"line":178,"column":38}},"138":{"start":{"line":179,"column":14},"end":{"line":182,"column":4}},"139":{"start":{"line":183,"column":17},"end":{"line":183,"column":56}},"140":{"start":{"line":184,"column":2},"end":{"line":184,"column":80}},"141":{"start":{"line":185,"column":2},"end":{"line":185,"column":48}},"142":{"start":{"line":188,"column":0},"end":{"line":188,"column":24}}},"fnMap":{"0":{"name":"(anonymous_0)","decl":{"start":{"line":10,"column":53},"end":{"line":10,"column":54}},"loc":{"start":{"line":10,"column":73},"end":{"line":15,"column":1}},"line":10},"1":{"name":"(anonymous_1)","decl":{"start":{"line":18,"column":57},"end":{"line":18,"column":58}},"loc":{"start":{"line":18,"column":77},"end":{"line":21,"column":1}},"line":18},"2":{"name":"(anonymous_2)","decl":{"start":{"line":24,"column":55},"end":{"line":24,"column":56}},"loc":{"start":{"line":24,"column":75},"end":{"line":29,"column":1}},"line":24},"3":{"name":"(anonymous_3)","decl":{"start":{"line":32,"column":57},"end":{"line":32,"column":58}},"loc":{"start":{"line":32,"column":77},"end":{"line":36,"column":1}},"line":32},"4":{"name":"(anonymous_4)","decl":{"start":{"line":37,"column":58},"end":{"line":37,"column":59}},"loc":{"start":{"line":37,"column":78},"end":{"line":49,"column":1}},"line":37},"5":{"name":"(anonymous_5)","decl":{"start":{"line":52,"column":56},"end":{"line":52,"column":57}},"loc":{"start":{"line":52,"column":76},"end":{"line":56,"column":1}},"line":52},"6":{"name":"(anonymous_6)","decl":{"start":{"line":57,"column":57},"end":{"line":57,"column":58}},"loc":{"start":{"line":57,"column":77},"end":{"line":61,"column":1}},"line":57},"7":{"name":"(anonymous_7)","decl":{"start":{"line":64,"column":57},"end":{"line":64,"column":58}},"loc":{"start":{"line":64,"column":77},"end":{"line":68,"column":1}},"line":64},"8":{"name":"(anonymous_8)","decl":{"start":{"line":71,"column":76},"end":{"line":71,"column":77}},"loc":{"start":{"line":71,"column":96},"end":{"line":86,"column":1}},"line":71},"9":{"name":"(anonymous_9)","decl":{"start":{"line":89,"column":58},"end":{"line":89,"column":59}},"loc":{"start":{"line":89,"column":78},"end":{"line":94,"column":1}},"line":89},"10":{"name":"(anonymous_10)","decl":{"start":{"line":97,"column":57},"end":{"line":97,"column":58}},"loc":{"start":{"line":97,"column":77},"end":{"line":104,"column":1}},"line":97},"11":{"name":"(anonymous_11)","decl":{"start":{"line":107,"column":64},"end":{"line":107,"column":65}},"loc":{"start":{"line":107,"column":84},"end":{"line":112,"column":1}},"line":107},"12":{"name":"(anonymous_12)","decl":{"start":{"line":115,"column":66},"end":{"line":115,"column":67}},"loc":{"start":{"line":115,"column":86},"end":{"line":119,"column":1}},"line":115},"13":{"name":"(anonymous_13)","decl":{"start":{"line":122,"column":68},"end":{"line":122,"column":69}},"loc":{"start":{"line":122,"column":88},"end":{"line":130,"column":1}},"line":122},"14":{"name":"(anonymous_14)","decl":{"start":{"line":133,"column":63},"end":{"line":133,"column":64}},"loc":{"start":{"line":133,"column":83},"end":{"line":141,"column":1}},"line":133},"15":{"name":"(anonymous_15)","decl":{"start":{"line":138,"column":23},"end":{"line":138,"column":24}},"loc":{"start":{"line":138,"column":28},"end":{"line":138,"column":33}},"line":138},"16":{"name":"(anonymous_16)","decl":{"start":{"line":144,"column":64},"end":{"line":144,"column":65}},"loc":{"start":{"line":144,"column":84},"end":{"line":160,"column":1}},"line":144},"17":{"name":"(anonymous_17)","decl":{"start":{"line":157,"column":23},"end":{"line":157,"column":24}},"loc":{"start":{"line":157,"column":28},"end":{"line":157,"column":33}},"line":157},"18":{"name":"(anonymous_18)","decl":{"start":{"line":163,"column":64},"end":{"line":163,"column":65}},"loc":{"start":{"line":163,"column":84},"end":{"line":172,"column":1}},"line":163},"19":{"name":"(anonymous_19)","decl":{"start":{"line":169,"column":23},"end":{"line":169,"column":24}},"loc":{"start":{"line":169,"column":28},"end":{"line":169,"column":33}},"line":169},"20":{"name":"(anonymous_20)","decl":{"start":{"line":175,"column":70},"end":{"line":175,"column":71}},"loc":{"start":{"line":175,"column":90},"end":{"line":186,"column":1}},"line":175}},"branchMap":{"0":{"loc":{"start":{"line":12,"column":2},"end":{"line":12,"column":53}},"type":"if","locations":[{"start":{"line":12,"column":2},"end":{"line":12,"column":53}},{"start":{},"end":{}}],"line":12},"1":{"loc":{"start":{"line":26,"column":2},"end":{"line":26,"column":53}},"type":"if","locations":[{"start":{"line":26,"column":2},"end":{"line":26,"column":53}},{"start":{},"end":{}}],"line":26},"2":{"loc":{"start":{"line":34,"column":2},"end":{"line":34,"column":40}},"type":"if","locations":[{"start":{"line":34,"column":2},"end":{"line":34,"column":40}},{"start":{},"end":{}}],"line":34},"3":{"loc":{"start":{"line":41,"column":2},"end":{"line":46,"column":3}},"type":"if","locations":[{"start":{"line":41,"column":2},"end":{"line":46,"column":3}},{"start":{},"end":{}}],"line":41},"4":{"loc":{"start":{"line":44,"column":4},"end":{"line":45,"column":58}},"type":"if","locations":[{"start":{"line":44,"column":4},"end":{"line":45,"column":58}},{"start":{"line":45,"column":9},"end":{"line":45,"column":58}}],"line":44},"5":{"loc":{"start":{"line":45,"column":9},"end":{"line":45,"column":58}},"type":"if","locations":[{"start":{"line":45,"column":9},"end":{"line":45,"column":58}},{"start":{},"end":{}}],"line":45},"6":{"loc":{"start":{"line":54,"column":2},"end":{"line":54,"column":40}},"type":"if","locations":[{"start":{"line":54,"column":2},"end":{"line":54,"column":40}},{"start":{},"end":{}}],"line":54},"7":{"loc":{"start":{"line":59,"column":75},"end":{"line":59,"column":105}},"type":"cond-expr","locations":[{"start":{"line":59,"column":84},"end":{"line":59,"column":98}},{"start":{"line":59,"column":101},"end":{"line":59,"column":105}}],"line":59},"8":{"loc":{"start":{"line":66,"column":2},"end":{"line":66,"column":40}},"type":"if","locations":[{"start":{"line":66,"column":2},"end":{"line":66,"column":40}},{"start":{},"end":{}}],"line":66},"9":{"loc":{"start":{"line":73,"column":36},"end":{"line":73,"column":57}},"type":"binary-expr","locations":[{"start":{"line":73,"column":36},"end":{"line":73,"column":50}},{"start":{"line":73,"column":54},"end":{"line":73,"column":57}}],"line":73},"10":{"loc":{"start":{"line":74,"column":37},"end":{"line":74,"column":60}},"type":"binary-expr","locations":[{"start":{"line":74,"column":37},"end":{"line":74,"column":52}},{"start":{"line":74,"column":56},"end":{"line":74,"column":60}}],"line":74},"11":{"loc":{"start":{"line":84,"column":20},"end":{"line":84,"column":74}},"type":"cond-expr","locations":[{"start":{"line":84,"column":51},"end":{"line":84,"column":67}},{"start":{"line":84,"column":70},"end":{"line":84,"column":74}}],"line":84},"12":{"loc":{"start":{"line":84,"column":21},"end":{"line":84,"column":47}},"type":"binary-expr","locations":[{"start":{"line":84,"column":21},"end":{"line":84,"column":27}},{"start":{"line":84,"column":31},"end":{"line":84,"column":47}}],"line":84},"13":{"loc":{"start":{"line":91,"column":2},"end":{"line":91,"column":61}},"type":"if","locations":[{"start":{"line":91,"column":2},"end":{"line":91,"column":61}},{"start":{},"end":{}}],"line":91},"14":{"loc":{"start":{"line":98,"column":36},"end":{"line":98,"column":57}},"type":"binary-expr","locations":[{"start":{"line":98,"column":36},"end":{"line":98,"column":50}},{"start":{"line":98,"column":54},"end":{"line":98,"column":57}}],"line":98},"15":{"loc":{"start":{"line":99,"column":37},"end":{"line":99,"column":60}},"type":"binary-expr","locations":[{"start":{"line":99,"column":37},"end":{"line":99,"column":52}},{"start":{"line":99,"column":56},"end":{"line":99,"column":60}}],"line":99},"16":{"loc":{"start":{"line":109,"column":2},"end":{"line":109,"column":53}},"type":"if","locations":[{"start":{"line":109,"column":2},"end":{"line":109,"column":53}},{"start":{},"end":{}}],"line":109},"17":{"loc":{"start":{"line":117,"column":2},"end":{"line":117,"column":50}},"type":"if","locations":[{"start":{"line":117,"column":2},"end":{"line":117,"column":50}},{"start":{},"end":{}}],"line":117},"18":{"loc":{"start":{"line":128,"column":17},"end":{"line":128,"column":56}},"type":"binary-expr","locations":[{"start":{"line":128,"column":17},"end":{"line":128,"column":23}},{"start":{"line":128,"column":27},"end":{"line":128,"column":56}}],"line":128},"19":{"loc":{"start":{"line":134,"column":36},"end":{"line":134,"column":56}},"type":"binary-expr","locations":[{"start":{"line":134,"column":36},"end":{"line":134,"column":49}},{"start":{"line":134,"column":53},"end":{"line":134,"column":56}}],"line":134},"20":{"loc":{"start":{"line":135,"column":37},"end":{"line":135,"column":59}},"type":"binary-expr","locations":[{"start":{"line":135,"column":37},"end":{"line":135,"column":51}},{"start":{"line":135,"column":55},"end":{"line":135,"column":59}}],"line":135},"21":{"loc":{"start":{"line":139,"column":2},"end":{"line":139,"column":86}},"type":"if","locations":[{"start":{"line":139,"column":2},"end":{"line":139,"column":86}},{"start":{},"end":{}}],"line":139},"22":{"loc":{"start":{"line":146,"column":36},"end":{"line":146,"column":56}},"type":"binary-expr","locations":[{"start":{"line":146,"column":36},"end":{"line":146,"column":49}},{"start":{"line":146,"column":53},"end":{"line":146,"column":56}}],"line":146},"23":{"loc":{"start":{"line":147,"column":37},"end":{"line":147,"column":59}},"type":"binary-expr","locations":[{"start":{"line":147,"column":37},"end":{"line":147,"column":51}},{"start":{"line":147,"column":55},"end":{"line":147,"column":59}}],"line":147},"24":{"loc":{"start":{"line":150,"column":2},"end":{"line":154,"column":3}},"type":"if","locations":[{"start":{"line":150,"column":2},"end":{"line":154,"column":3}},{"start":{},"end":{}}],"line":150},"25":{"loc":{"start":{"line":152,"column":4},"end":{"line":153,"column":58}},"type":"if","locations":[{"start":{"line":152,"column":4},"end":{"line":153,"column":58}},{"start":{"line":153,"column":9},"end":{"line":153,"column":58}}],"line":152},"26":{"loc":{"start":{"line":153,"column":9},"end":{"line":153,"column":58}},"type":"if","locations":[{"start":{"line":153,"column":9},"end":{"line":153,"column":58}},{"start":{},"end":{}}],"line":153},"27":{"loc":{"start":{"line":158,"column":2},"end":{"line":158,"column":101}},"type":"if","locations":[{"start":{"line":158,"column":2},"end":{"line":158,"column":101}},{"start":{},"end":{}}],"line":158},"28":{"loc":{"start":{"line":164,"column":17},"end":{"line":164,"column":48}},"type":"binary-expr","locations":[{"start":{"line":164,"column":17},"end":{"line":164,"column":40}},{"start":{"line":164,"column":44},"end":{"line":164,"column":48}}],"line":164},"29":{"loc":{"start":{"line":165,"column":36},"end":{"line":165,"column":56}},"type":"binary-expr","locations":[{"start":{"line":165,"column":36},"end":{"line":165,"column":49}},{"start":{"line":165,"column":53},"end":{"line":165,"column":56}}],"line":165},"30":{"loc":{"start":{"line":166,"column":37},"end":{"line":166,"column":59}},"type":"binary-expr","locations":[{"start":{"line":166,"column":37},"end":{"line":166,"column":51}},{"start":{"line":166,"column":55},"end":{"line":166,"column":59}}],"line":166},"31":{"loc":{"start":{"line":170,"column":2},"end":{"line":170,"column":94}},"type":"if","locations":[{"start":{"line":170,"column":2},"end":{"line":170,"column":94}},{"start":{},"end":{}}],"line":170},"32":{"loc":{"start":{"line":177,"column":2},"end":{"line":177,"column":69}},"type":"if","locations":[{"start":{"line":177,"column":2},"end":{"line":177,"column":69}},{"start":{},"end":{}}],"line":177},"33":{"loc":{"start":{"line":183,"column":17},"end":{"line":183,"column":56}},"type":"binary-expr","locations":[{"start":{"line":183,"column":17},"end":{"line":183,"column":23}},{"start":{"line":183,"column":27},"end":{"line":183,"column":56}}],"line":183},"34":{"loc":{"start":{"line":185,"column":15},"end":{"line":185,"column":46}},"type":"binary-expr","locations":[{"start":{"line":185,"column":15},"end":{"line":185,"column":34}},{"start":{"line":185,"column":38},"end":{"line":185,"column":46}}],"line":185}},"s":{"0":5,"1":5,"2":5,"3":5,"4":5,"5":5,"6":5,"7":5,"8":0,"9":0,"10":0,"11":0,"12":0,"13":5,"14":1,"15":1,"16":5,"17":0,"18":0,"19":0,"20":0,"21":0,"22":5,"23":0,"24":0,"25":0,"26":0,"27":5,"28":1,"29":1,"30":1,"31":1,"32":1,"33":1,"34":1,"35":0,"36":0,"37":1,"38":1,"39":5,"40":0,"41":0,"42":0,"43":0,"44":5,"45":1,"46":1,"47":1,"48":5,"49":0,"50":0,"51":0,"52":0,"53":5,"54":0,"55":0,"56":0,"57":0,"58":0,"59":0,"60":0,"61":0,"62":0,"63":0,"64":5,"65":0,"66":0,"67":0,"68":0,"69":0,"70":5,"71":0,"72":0,"73":0,"74":0,"75":0,"76":0,"77":5,"78":0,"79":0,"80":0,"81":0,"82":0,"83":5,"84":0,"85":0,"86":0,"87":0,"88":5,"89":0,"90":0,"91":0,"92":0,"93":5,"94":0,"95":0,"96":0,"97":0,"98":0,"99":0,"100":0,"101":0,"102":0,"103":5,"104":1,"105":1,"106":1,"107":1,"108":1,"109":1,"110":1,"111":1,"112":1,"113":0,"114":0,"115":1,"116":1,"117":1,"118":4,"119":1,"120":1,"121":1,"122":5,"123":1,"124":1,"125":1,"126":1,"127":1,"128":1,"129":4,"130":1,"131":1,"132":1,"133":5,"134":0,"135":0,"136":0,"137":0,"138":0,"139":0,"140":0,"141":0,"142":5},"f":{"0":0,"1":1,"2":0,"3":0,"4":1,"5":0,"6":1,"7":0,"8":0,"9":0,"10":0,"11":0,"12":0,"13":0,"14":0,"15":0,"16":1,"17":4,"18":1,"19":4,"20":0},"b":{"0":[0,0],"1":[0,0],"2":[0,0],"3":[1,0],"4":[1,0],"5":[0,0],"6":[0,0],"7":[1,0],"8":[0,0],"9":[0,0],"10":[0,0],"11":[0,0],"12":[0,0],"13":[0,0],"14":[0,0],"15":[0,0],"16":[0,0],"17":[0,0],"18":[0,0],"19":[0,0],"20":[0,0],"21":[0,0],"22":[1,0],"23":[1,0],"24":[1,0],"25":[1,0],"26":[0,0],"27":[1,0],"28":[1,0],"29":[1,0],"30":[1,0],"31":[1,0],"32":[0,0],"33":[0,0],"34":[0,0]},"_coverageSchema":"1a1c01bbd47fc00a2c39e90264f33305004495a9","hash":"9bef9ca6e2b47176bdb0016cd992ed217cafd9d6"}
,"/Users/allengregorystewart/Dropbox/My Mac (Allen’s iMac)/Desktop/kno_app/backend/routes/auth.js": {"path":"/Users/allengregorystewart/Dropbox/My Mac (Allen’s iMac)/Desktop/kno_app/backend/routes/auth.js","statementMap":{"0":{"start":{"line":1,"column":16},"end":{"line":1,"column":34}},"1":{"start":{"line":2,"column":15},"end":{"line":2,"column":31}},"2":{"start":{"line":3,"column":15},"end":{"line":3,"column":34}},"3":{"start":{"line":4,"column":12},"end":{"line":4,"column":35}},"4":{"start":{"line":5,"column":15},"end":{"line":5,"column":41}},"5":{"start":{"line":6,"column":13},"end":{"line":6,"column":38}},"6":{"start":{"line":7,"column":19},"end":{"line":7,"column":54}},"7":{"start":{"line":9,"column":19},"end":{"line":9,"column":63}},"8":{"start":{"line":11,"column":0},"end":{"line":11,"column":62}},"9":{"start":{"line":11,"column":38},"end":{"line":11,"column":60}},"10":{"start":{"line":12,"column":0},"end":{"line":26,"column":3}},"11":{"start":{"line":13,"column":36},"end":{"line":13,"column":44}},"12":{"start":{"line":14,"column":2},"end":{"line":25,"column":3}},"13":{"start":{"line":15,"column":19},"end":{"line":15,"column":48}},"14":{"start":{"line":16,"column":4},"end":{"line":16,"column":72}},"15":{"start":{"line":16,"column":16},"end":{"line":16,"column":72}},"16":{"start":{"line":17,"column":17},"end":{"line":17,"column":41}},"17":{"start":{"line":18,"column":17},"end":{"line":18,"column":50}},"18":{"start":{"line":20,"column":24},"end":{"line":20,"column":61}},"19":{"start":{"line":21,"column":4},"end":{"line":21,"column":105}},"20":{"start":{"line":22,"column":4},"end":{"line":22,"column":32}},"21":{"start":{"line":24,"column":4},"end":{"line":24,"column":54}},"22":{"start":{"line":28,"column":0},"end":{"line":28,"column":56}},"23":{"start":{"line":28,"column":35},"end":{"line":28,"column":54}},"24":{"start":{"line":29,"column":0},"end":{"line":44,"column":3}},"25":{"start":{"line":30,"column":30},"end":{"line":30,"column":38}},"26":{"start":{"line":31,"column":15},"end":{"line":31,"column":44}},"27":{"start":{"line":32,"column":2},"end":{"line":32,"column":74}},"28":{"start":{"line":32,"column":13},"end":{"line":32,"column":74}},"29":{"start":{"line":33,"column":13},"end":{"line":33,"column":58}},"30":{"start":{"line":34,"column":2},"end":{"line":34,"column":72}},"31":{"start":{"line":34,"column":11},"end":{"line":34,"column":72}},"32":{"start":{"line":35,"column":16},"end":{"line":35,"column":92}},"33":{"start":{"line":36,"column":21},"end":{"line":41,"column":3}},"34":{"start":{"line":42,"column":2},"end":{"line":42,"column":41}},"35":{"start":{"line":43,"column":2},"end":{"line":43,"column":29}},"36":{"start":{"line":46,"column":0},"end":{"line":46,"column":58}},"37":{"start":{"line":46,"column":36},"end":{"line":46,"column":56}},"38":{"start":{"line":47,"column":0},"end":{"line":65,"column":3}},"39":{"start":{"line":48,"column":20},"end":{"line":48,"column":28}},"40":{"start":{"line":49,"column":15},"end":{"line":49,"column":44}},"41":{"start":{"line":50,"column":2},"end":{"line":50,"column":106}},"42":{"start":{"line":50,"column":13},"end":{"line":50,"column":106}},"43":{"start":{"line":51,"column":16},"end":{"line":51,"column":75}},"44":{"start":{"line":52,"column":20},"end":{"line":52,"column":96}},"45":{"start":{"line":53,"column":2},"end":{"line":64,"column":3}},"46":{"start":{"line":54,"column":4},"end":{"line":59,"column":7}},"47":{"start":{"line":60,"column":4},"end":{"line":60,"column":86}},"48":{"start":{"line":63,"column":4},"end":{"line":63,"column":94}},"49":{"start":{"line":67,"column":0},"end":{"line":75,"column":3}},"50":{"start":{"line":68,"column":20},"end":{"line":68,"column":30}},"51":{"start":{"line":69,"column":2},"end":{"line":74,"column":3}},"52":{"start":{"line":70,"column":4},"end":{"line":70,"column":34}},"53":{"start":{"line":71,"column":4},"end":{"line":71,"column":35}},"54":{"start":{"line":73,"column":4},"end":{"line":73,"column":63}},"55":{"start":{"line":77,"column":0},"end":{"line":91,"column":3}},"56":{"start":{"line":77,"column":67},"end":{"line":77,"column":108}},"57":{"start":{"line":78,"column":20},"end":{"line":78,"column":30}},"58":{"start":{"line":79,"column":23},"end":{"line":79,"column":31}},"59":{"start":{"line":80,"column":2},"end":{"line":90,"column":3}},"60":{"start":{"line":81,"column":20},"end":{"line":81,"column":49}},"61":{"start":{"line":82,"column":17},"end":{"line":82,"column":48}},"62":{"start":{"line":83,"column":4},"end":{"line":83,"column":71}},"63":{"start":{"line":83,"column":15},"end":{"line":83,"column":71}},"64":{"start":{"line":84,"column":17},"end":{"line":84,"column":41}},"65":{"start":{"line":85,"column":4},"end":{"line":85,"column":54}},"66":{"start":{"line":86,"column":4},"end":{"line":86,"column":22}},"67":{"start":{"line":87,"column":4},"end":{"line":87,"column":70}},"68":{"start":{"line":89,"column":4},"end":{"line":89,"column":63}},"69":{"start":{"line":93,"column":0},"end":{"line":96,"column":3}},"70":{"start":{"line":94,"column":2},"end":{"line":94,"column":27}},"71":{"start":{"line":95,"column":2},"end":{"line":95,"column":20}},"72":{"start":{"line":99,"column":0},"end":{"line":110,"column":3}},"73":{"start":{"line":100,"column":16},"end":{"line":100,"column":48}},"74":{"start":{"line":101,"column":2},"end":{"line":101,"column":46}},"75":{"start":{"line":101,"column":14},"end":{"line":101,"column":46}},"76":{"start":{"line":102,"column":2},"end":{"line":109,"column":3}},"77":{"start":{"line":103,"column":20},"end":{"line":103,"column":49}},"78":{"start":{"line":104,"column":17},"end":{"line":104,"column":42}},"79":{"start":{"line":105,"column":17},"end":{"line":105,"column":68}},"80":{"start":{"line":106,"column":4},"end":{"line":106,"column":30}},"81":{"start":{"line":108,"column":4},"end":{"line":108,"column":36}},"82":{"start":{"line":112,"column":0},"end":{"line":112,"column":24}}},"fnMap":{"0":{"name":"(anonymous_0)","decl":{"start":{"line":11,"column":24},"end":{"line":11,"column":25}},"loc":{"start":{"line":11,"column":38},"end":{"line":11,"column":60}},"line":11},"1":{"name":"(anonymous_1)","decl":{"start":{"line":12,"column":76},"end":{"line":12,"column":77}},"loc":{"start":{"line":12,"column":96},"end":{"line":26,"column":1}},"line":12},"2":{"name":"(anonymous_2)","decl":{"start":{"line":28,"column":21},"end":{"line":28,"column":22}},"loc":{"start":{"line":28,"column":35},"end":{"line":28,"column":54}},"line":28},"3":{"name":"(anonymous_3)","decl":{"start":{"line":29,"column":67},"end":{"line":29,"column":68}},"loc":{"start":{"line":29,"column":87},"end":{"line":44,"column":1}},"line":29},"4":{"name":"(anonymous_4)","decl":{"start":{"line":46,"column":22},"end":{"line":46,"column":23}},"loc":{"start":{"line":46,"column":36},"end":{"line":46,"column":56}},"line":46},"5":{"name":"(anonymous_5)","decl":{"start":{"line":47,"column":70},"end":{"line":47,"column":71}},"loc":{"start":{"line":47,"column":90},"end":{"line":65,"column":1}},"line":47},"6":{"name":"(anonymous_6)","decl":{"start":{"line":67,"column":28},"end":{"line":67,"column":29}},"loc":{"start":{"line":67,"column":42},"end":{"line":75,"column":1}},"line":67},"7":{"name":"(anonymous_7)","decl":{"start":{"line":77,"column":47},"end":{"line":77,"column":48}},"loc":{"start":{"line":77,"column":67},"end":{"line":77,"column":108}},"line":77},"8":{"name":"(anonymous_8)","decl":{"start":{"line":77,"column":110},"end":{"line":77,"column":111}},"loc":{"start":{"line":77,"column":130},"end":{"line":91,"column":1}},"line":77},"9":{"name":"(anonymous_9)","decl":{"start":{"line":93,"column":22},"end":{"line":93,"column":23}},"loc":{"start":{"line":93,"column":36},"end":{"line":96,"column":1}},"line":93},"10":{"name":"(anonymous_10)","decl":{"start":{"line":99,"column":18},"end":{"line":99,"column":19}},"loc":{"start":{"line":99,"column":38},"end":{"line":110,"column":1}},"line":99}},"branchMap":{"0":{"loc":{"start":{"line":9,"column":19},"end":{"line":9,"column":63}},"type":"binary-expr","locations":[{"start":{"line":9,"column":19},"end":{"line":9,"column":41}},{"start":{"line":9,"column":45},"end":{"line":9,"column":63}}],"line":9},"1":{"loc":{"start":{"line":16,"column":4},"end":{"line":16,"column":72}},"type":"if","locations":[{"start":{"line":16,"column":4},"end":{"line":16,"column":72}},{"start":{},"end":{}}],"line":16},"2":{"loc":{"start":{"line":32,"column":2},"end":{"line":32,"column":74}},"type":"if","locations":[{"start":{"line":32,"column":2},"end":{"line":32,"column":74}},{"start":{},"end":{}}],"line":32},"3":{"loc":{"start":{"line":34,"column":2},"end":{"line":34,"column":72}},"type":"if","locations":[{"start":{"line":34,"column":2},"end":{"line":34,"column":72}},{"start":{},"end":{}}],"line":34},"4":{"loc":{"start":{"line":50,"column":2},"end":{"line":50,"column":106}},"type":"if","locations":[{"start":{"line":50,"column":2},"end":{"line":50,"column":106}},{"start":{},"end":{}}],"line":50},"5":{"loc":{"start":{"line":52,"column":23},"end":{"line":52,"column":74}},"type":"binary-expr","locations":[{"start":{"line":52,"column":23},"end":{"line":52,"column":47}},{"start":{"line":52,"column":51},"end":{"line":52,"column":74}}],"line":52},"6":{"loc":{"start":{"line":83,"column":4},"end":{"line":83,"column":71}},"type":"if","locations":[{"start":{"line":83,"column":4},"end":{"line":83,"column":71}},{"start":{},"end":{}}],"line":83},"7":{"loc":{"start":{"line":100,"column":16},"end":{"line":100,"column":48}},"type":"binary-expr","locations":[{"start":{"line":100,"column":16},"end":{"line":100,"column":27}},{"start":{"line":100,"column":31},"end":{"line":100,"column":48}}],"line":100},"8":{"loc":{"start":{"line":101,"column":2},"end":{"line":101,"column":46}},"type":"if","locations":[{"start":{"line":101,"column":2},"end":{"line":101,"column":46}},{"start":{},"end":{}}],"line":101}},"s":{"0":5,"1":5,"2":5,"3":5,"4":5,"5":5,"6":5,"7":5,"8":5,"9":0,"10":5,"11":5,"12":5,"13":5,"14":5,"15":0,"16":5,"17":5,"18":5,"19":5,"20":5,"21":0,"22":5,"23":0,"24":5,"25":5,"26":5,"27":5,"28":0,"29":5,"30":5,"31":0,"32":5,"33":5,"34":5,"35":5,"36":5,"37":0,"38":5,"39":0,"40":0,"41":0,"42":0,"43":0,"44":0,"45":0,"46":0,"47":0,"48":0,"49":5,"50":0,"51":0,"52":0,"53":0,"54":0,"55":5,"56":0,"57":0,"58":0,"59":0,"60":0,"61":0,"62":0,"63":0,"64":0,"65":0,"66":0,"67":0,"68":0,"69":5,"70":0,"71":0,"72":5,"73":0,"74":0,"75":0,"76":0,"77":0,"78":0,"79":0,"80":0,"81":0,"82":5},"f":{"0":0,"1":5,"2":0,"3":5,"4":0,"5":0,"6":0,"7":0,"8":0,"9":0,"10":0},"b":{"0":[5,0],"1":[0,5],"2":[0,5],"3":[0,5],"4":[0,0],"5":[0,0],"6":[0,0],"7":[0,0],"8":[0,0]},"_coverageSchema":"1a1c01bbd47fc00a2c39e90264f33305004495a9","hash":"e46fc242545f1ee4eb1399862c5003870c148f24"}
,"/Users/allengregorystewart/Dropbox/My Mac (Allen’s iMac)/Desktop/kno_app/backend/routes/pages.js": {"path":"/Users/allengregorystewart/Dropbox/My Mac (Allen’s iMac)/Desktop/kno_app/backend/routes/pages.js","statementMap":{"0":{"start":{"line":1,"column":16},"end":{"line":1,"column":34}},"1":{"start":{"line":2,"column":15},"end":{"line":2,"column":31}},"2":{"start":{"line":3,"column":17},"end":{"line":3,"column":46}},"3":{"start":{"line":4,"column":19},"end":{"line":4,"column":50}},"4":{"start":{"line":5,"column":18},"end":{"line":5,"column":48}},"5":{"start":{"line":6,"column":20},"end":{"line":6,"column":49}},"6":{"start":{"line":7,"column":13},"end":{"line":7,"column":42}},"7":{"start":{"line":9,"column":0},"end":{"line":12,"column":3}},"8":{"start":{"line":10,"column":19},"end":{"line":10,"column":142}},"9":{"start":{"line":11,"column":2},"end":{"line":11,"column":56}},"10":{"start":{"line":14,"column":0},"end":{"line":14,"column":56}},"11":{"start":{"line":14,"column":35},"end":{"line":14,"column":54}},"12":{"start":{"line":16,"column":0},"end":{"line":16,"column":73}},"13":{"start":{"line":16,"column":50},"end":{"line":16,"column":71}},"14":{"start":{"line":19,"column":0},"end":{"line":21,"column":3}},"15":{"start":{"line":20,"column":2},"end":{"line":20,"column":60}},"16":{"start":{"line":23,"column":0},"end":{"line":50,"column":3}},"17":{"start":{"line":24,"column":15},"end":{"line":24,"column":59}},"18":{"start":{"line":25,"column":16},"end":{"line":25,"column":61}},"19":{"start":{"line":26,"column":15},"end":{"line":26,"column":33}},"20":{"start":{"line":27,"column":16},"end":{"line":27,"column":47}},"21":{"start":{"line":28,"column":12},"end":{"line":28,"column":57}},"22":{"start":{"line":30,"column":22},"end":{"line":30,"column":39}},"23":{"start":{"line":30,"column":33},"end":{"line":30,"column":38}},"24":{"start":{"line":31,"column":19},"end":{"line":34,"column":4}},"25":{"start":{"line":35,"column":17},"end":{"line":35,"column":19}},"26":{"start":{"line":36,"column":2},"end":{"line":36,"column":69}},"27":{"start":{"line":36,"column":26},"end":{"line":36,"column":65}},"28":{"start":{"line":38,"column":22},"end":{"line":38,"column":73}},"29":{"start":{"line":39,"column":23},"end":{"line":39,"column":75}},"30":{"start":{"line":40,"column":25},"end":{"line":40,"column":27}},"31":{"start":{"line":41,"column":27},"end":{"line":41,"column":29}},"32":{"start":{"line":42,"column":2},"end":{"line":47,"column":3}},"33":{"start":{"line":43,"column":16},"end":{"line":43,"column":75}},"34":{"start":{"line":44,"column":17},"end":{"line":44,"column":140}},"35":{"start":{"line":45,"column":4},"end":{"line":45,"column":40}},"36":{"start":{"line":46,"column":4},"end":{"line":46,"column":41}},"37":{"start":{"line":49,"column":2},"end":{"line":49,"column":156}},"38":{"start":{"line":53,"column":0},"end":{"line":65,"column":3}},"39":{"start":{"line":54,"column":12},"end":{"line":54,"column":54}},"40":{"start":{"line":55,"column":16},"end":{"line":55,"column":47}},"41":{"start":{"line":56,"column":2},"end":{"line":56,"column":67}},"42":{"start":{"line":56,"column":17},"end":{"line":56,"column":67}},"43":{"start":{"line":57,"column":12},"end":{"line":57,"column":54}},"44":{"start":{"line":58,"column":19},"end":{"line":58,"column":23}},"45":{"start":{"line":59,"column":14},"end":{"line":62,"column":4}},"46":{"start":{"line":63,"column":20},"end":{"line":63,"column":74}},"47":{"start":{"line":64,"column":2},"end":{"line":64,"column":141}},"48":{"start":{"line":69,"column":0},"end":{"line":80,"column":3}},"49":{"start":{"line":70,"column":13},"end":{"line":70,"column":26}},"50":{"start":{"line":71,"column":19},"end":{"line":71,"column":46}},"51":{"start":{"line":72,"column":2},"end":{"line":72,"column":67}},"52":{"start":{"line":72,"column":17},"end":{"line":72,"column":67}},"53":{"start":{"line":73,"column":16},"end":{"line":73,"column":47}},"54":{"start":{"line":74,"column":14},"end":{"line":77,"column":4}},"55":{"start":{"line":78,"column":20},"end":{"line":78,"column":74}},"56":{"start":{"line":79,"column":2},"end":{"line":79,"column":141}},"57":{"start":{"line":83,"column":0},"end":{"line":97,"column":3}},"58":{"start":{"line":84,"column":21},"end":{"line":84,"column":34}},"59":{"start":{"line":85,"column":15},"end":{"line":85,"column":59}},"60":{"start":{"line":86,"column":16},"end":{"line":86,"column":62}},"61":{"start":{"line":87,"column":15},"end":{"line":87,"column":33}},"62":{"start":{"line":88,"column":16},"end":{"line":88,"column":73}},"63":{"start":{"line":89,"column":22},"end":{"line":89,"column":112}},"64":{"start":{"line":90,"column":19},"end":{"line":90,"column":38}},"65":{"start":{"line":91,"column":14},"end":{"line":94,"column":4}},"66":{"start":{"line":95,"column":20},"end":{"line":95,"column":74}},"67":{"start":{"line":96,"column":2},"end":{"line":96,"column":84}},"68":{"start":{"line":99,"column":0},"end":{"line":103,"column":3}},"69":{"start":{"line":99,"column":132},"end":{"line":99,"column":202}},"70":{"start":{"line":100,"column":43},"end":{"line":100,"column":51}},"71":{"start":{"line":101,"column":2},"end":{"line":101,"column":70}},"72":{"start":{"line":102,"column":2},"end":{"line":102,"column":29}},"73":{"start":{"line":106,"column":0},"end":{"line":111,"column":3}},"74":{"start":{"line":106,"column":115},"end":{"line":106,"column":185}},"75":{"start":{"line":107,"column":25},"end":{"line":107,"column":33}},"76":{"start":{"line":108,"column":2},"end":{"line":108,"column":70}},"77":{"start":{"line":109,"column":18},"end":{"line":109,"column":44}},"78":{"start":{"line":110,"column":2},"end":{"line":110,"column":24}},"79":{"start":{"line":113,"column":0},"end":{"line":121,"column":3}},"80":{"start":{"line":114,"column":16},"end":{"line":114,"column":47}},"81":{"start":{"line":115,"column":15},"end":{"line":115,"column":59}},"82":{"start":{"line":116,"column":16},"end":{"line":116,"column":62}},"83":{"start":{"line":117,"column":15},"end":{"line":117,"column":33}},"84":{"start":{"line":118,"column":27},"end":{"line":118,"column":60}},"85":{"start":{"line":119,"column":22},"end":{"line":119,"column":88}},"86":{"start":{"line":120,"column":2},"end":{"line":120,"column":77}},"87":{"start":{"line":123,"column":0},"end":{"line":123,"column":24}}},"fnMap":{"0":{"name":"(anonymous_0)","decl":{"start":{"line":9,"column":16},"end":{"line":9,"column":17}},"loc":{"start":{"line":9,"column":30},"end":{"line":12,"column":1}},"line":9},"1":{"name":"(anonymous_1)","decl":{"start":{"line":14,"column":21},"end":{"line":14,"column":22}},"loc":{"start":{"line":14,"column":35},"end":{"line":14,"column":54}},"line":14},"2":{"name":"(anonymous_2)","decl":{"start":{"line":16,"column":36},"end":{"line":16,"column":37}},"loc":{"start":{"line":16,"column":50},"end":{"line":16,"column":71}},"line":16},"3":{"name":"(anonymous_3)","decl":{"start":{"line":19,"column":38},"end":{"line":19,"column":39}},"loc":{"start":{"line":19,"column":52},"end":{"line":21,"column":1}},"line":19},"4":{"name":"(anonymous_4)","decl":{"start":{"line":23,"column":64},"end":{"line":23,"column":65}},"loc":{"start":{"line":23,"column":84},"end":{"line":50,"column":1}},"line":23},"5":{"name":"(anonymous_5)","decl":{"start":{"line":30,"column":28},"end":{"line":30,"column":29}},"loc":{"start":{"line":30,"column":33},"end":{"line":30,"column":38}},"line":30},"6":{"name":"(anonymous_6)","decl":{"start":{"line":36,"column":19},"end":{"line":36,"column":20}},"loc":{"start":{"line":36,"column":24},"end":{"line":36,"column":67}},"line":36},"7":{"name":"(anonymous_7)","decl":{"start":{"line":53,"column":71},"end":{"line":53,"column":72}},"loc":{"start":{"line":53,"column":91},"end":{"line":65,"column":1}},"line":53},"8":{"name":"(anonymous_8)","decl":{"start":{"line":69,"column":71},"end":{"line":69,"column":72}},"loc":{"start":{"line":69,"column":91},"end":{"line":80,"column":1}},"line":69},"9":{"name":"(anonymous_9)","decl":{"start":{"line":83,"column":50},"end":{"line":83,"column":51}},"loc":{"start":{"line":83,"column":70},"end":{"line":97,"column":1}},"line":83},"10":{"name":"(anonymous_10)","decl":{"start":{"line":99,"column":112},"end":{"line":99,"column":113}},"loc":{"start":{"line":99,"column":132},"end":{"line":99,"column":202}},"line":99},"11":{"name":"(anonymous_11)","decl":{"start":{"line":99,"column":204},"end":{"line":99,"column":205}},"loc":{"start":{"line":99,"column":224},"end":{"line":103,"column":1}},"line":99},"12":{"name":"(anonymous_12)","decl":{"start":{"line":106,"column":95},"end":{"line":106,"column":96}},"loc":{"start":{"line":106,"column":115},"end":{"line":106,"column":185}},"line":106},"13":{"name":"(anonymous_13)","decl":{"start":{"line":106,"column":187},"end":{"line":106,"column":188}},"loc":{"start":{"line":106,"column":207},"end":{"line":111,"column":1}},"line":106},"14":{"name":"(anonymous_14)","decl":{"start":{"line":113,"column":34},"end":{"line":113,"column":35}},"loc":{"start":{"line":113,"column":54},"end":{"line":121,"column":1}},"line":113}},"branchMap":{"0":{"loc":{"start":{"line":24,"column":36},"end":{"line":24,"column":57}},"type":"binary-expr","locations":[{"start":{"line":24,"column":36},"end":{"line":24,"column":50}},{"start":{"line":24,"column":54},"end":{"line":24,"column":57}}],"line":24},"1":{"loc":{"start":{"line":25,"column":37},"end":{"line":25,"column":59}},"type":"binary-expr","locations":[{"start":{"line":25,"column":37},"end":{"line":25,"column":52}},{"start":{"line":25,"column":56},"end":{"line":25,"column":59}}],"line":25},"2":{"loc":{"start":{"line":38,"column":43},"end":{"line":38,"column":71}},"type":"binary-expr","locations":[{"start":{"line":38,"column":43},"end":{"line":38,"column":64}},{"start":{"line":38,"column":68},"end":{"line":38,"column":71}}],"line":38},"3":{"loc":{"start":{"line":39,"column":44},"end":{"line":39,"column":73}},"type":"binary-expr","locations":[{"start":{"line":39,"column":44},"end":{"line":39,"column":66}},{"start":{"line":39,"column":70},"end":{"line":39,"column":73}}],"line":39},"4":{"loc":{"start":{"line":54,"column":33},"end":{"line":54,"column":52}},"type":"binary-expr","locations":[{"start":{"line":54,"column":33},"end":{"line":54,"column":45}},{"start":{"line":54,"column":49},"end":{"line":54,"column":52}}],"line":54},"5":{"loc":{"start":{"line":56,"column":2},"end":{"line":56,"column":67}},"type":"if","locations":[{"start":{"line":56,"column":2},"end":{"line":56,"column":67}},{"start":{},"end":{}}],"line":56},"6":{"loc":{"start":{"line":63,"column":20},"end":{"line":63,"column":74}},"type":"cond-expr","locations":[{"start":{"line":63,"column":51},"end":{"line":63,"column":67}},{"start":{"line":63,"column":70},"end":{"line":63,"column":74}}],"line":63},"7":{"loc":{"start":{"line":63,"column":21},"end":{"line":63,"column":47}},"type":"binary-expr","locations":[{"start":{"line":63,"column":21},"end":{"line":63,"column":27}},{"start":{"line":63,"column":31},"end":{"line":63,"column":47}}],"line":63},"8":{"loc":{"start":{"line":72,"column":2},"end":{"line":72,"column":67}},"type":"if","locations":[{"start":{"line":72,"column":2},"end":{"line":72,"column":67}},{"start":{},"end":{}}],"line":72},"9":{"loc":{"start":{"line":78,"column":20},"end":{"line":78,"column":74}},"type":"cond-expr","locations":[{"start":{"line":78,"column":51},"end":{"line":78,"column":67}},{"start":{"line":78,"column":70},"end":{"line":78,"column":74}}],"line":78},"10":{"loc":{"start":{"line":78,"column":21},"end":{"line":78,"column":47}},"type":"binary-expr","locations":[{"start":{"line":78,"column":21},"end":{"line":78,"column":27}},{"start":{"line":78,"column":31},"end":{"line":78,"column":47}}],"line":78},"11":{"loc":{"start":{"line":85,"column":36},"end":{"line":85,"column":57}},"type":"binary-expr","locations":[{"start":{"line":85,"column":36},"end":{"line":85,"column":50}},{"start":{"line":85,"column":54},"end":{"line":85,"column":57}}],"line":85},"12":{"loc":{"start":{"line":86,"column":37},"end":{"line":86,"column":60}},"type":"binary-expr","locations":[{"start":{"line":86,"column":37},"end":{"line":86,"column":52}},{"start":{"line":86,"column":56},"end":{"line":86,"column":60}}],"line":86},"13":{"loc":{"start":{"line":95,"column":20},"end":{"line":95,"column":74}},"type":"cond-expr","locations":[{"start":{"line":95,"column":51},"end":{"line":95,"column":67}},{"start":{"line":95,"column":70},"end":{"line":95,"column":74}}],"line":95},"14":{"loc":{"start":{"line":95,"column":21},"end":{"line":95,"column":47}},"type":"binary-expr","locations":[{"start":{"line":95,"column":21},"end":{"line":95,"column":27}},{"start":{"line":95,"column":31},"end":{"line":95,"column":47}}],"line":95},"15":{"loc":{"start":{"line":109,"column":18},"end":{"line":109,"column":44}},"type":"binary-expr","locations":[{"start":{"line":109,"column":18},"end":{"line":109,"column":37}},{"start":{"line":109,"column":41},"end":{"line":109,"column":44}}],"line":109},"16":{"loc":{"start":{"line":115,"column":36},"end":{"line":115,"column":57}},"type":"binary-expr","locations":[{"start":{"line":115,"column":36},"end":{"line":115,"column":50}},{"start":{"line":115,"column":54},"end":{"line":115,"column":57}}],"line":115},"17":{"loc":{"start":{"line":116,"column":37},"end":{"line":116,"column":60}},"type":"binary-expr","locations":[{"start":{"line":116,"column":37},"end":{"line":116,"column":52}},{"start":{"line":116,"column":56},"end":{"line":116,"column":60}}],"line":116}},"s":{"0":5,"1":5,"2":5,"3":5,"4":5,"5":5,"6":5,"7":5,"8":1,"9":1,"10":5,"11":0,"12":5,"13":0,"14":5,"15":1,"16":5,"17":0,"18":0,"19":0,"20":0,"21":0,"22":0,"23":0,"24":0,"25":0,"26":0,"27":0,"28":0,"29":0,"30":0,"31":0,"32":0,"33":0,"34":0,"35":0,"36":0,"37":0,"38":5,"39":0,"40":0,"41":0,"42":0,"43":0,"44":0,"45":0,"46":0,"47":0,"48":5,"49":0,"50":0,"51":0,"52":0,"53":0,"54":0,"55":0,"56":0,"57":5,"58":1,"59":1,"60":1,"61":1,"62":1,"63":1,"64":1,"65":1,"66":1,"67":1,"68":5,"69":6,"70":6,"71":6,"72":6,"73":5,"74":0,"75":0,"76":0,"77":0,"78":0,"79":5,"80":0,"81":0,"82":0,"83":0,"84":0,"85":0,"86":0,"87":5},"f":{"0":1,"1":0,"2":0,"3":1,"4":0,"5":0,"6":0,"7":0,"8":0,"9":1,"10":6,"11":6,"12":0,"13":0,"14":0},"b":{"0":[0,0],"1":[0,0],"2":[0,0],"3":[0,0],"4":[0,0],"5":[0,0],"6":[0,0],"7":[0,0],"8":[0,0],"9":[0,0],"10":[0,0],"11":[1,1],"12":[1,1],"13":[0,1],"14":[1,0],"15":[0,0],"16":[0,0],"17":[0,0]},"_coverageSchema":"1a1c01bbd47fc00a2c39e90264f33305004495a9","hash":"f67ba9f317d480477ccd330439d3bb5b10d9b312"}
,"/Users/allengregorystewart/Dropbox/My Mac (Allen’s iMac)/Desktop/kno_app/backend/routes/payments.js": {"path":"/Users/allengregorystewart/Dropbox/My Mac (Allen’s iMac)/Desktop/kno_app/backend/routes/payments.js","statementMap":{"0":{"start":{"line":1,"column":16},"end":{"line":1,"column":34}},"1":{"start":{"line":2,"column":15},"end":{"line":2,"column":31}},"2":{"start":{"line":3,"column":15},"end":{"line":3,"column":69}},"3":{"start":{"line":4,"column":20},"end":{"line":4,"column":49}},"4":{"start":{"line":5,"column":13},"end":{"line":5,"column":38}},"5":{"start":{"line":7,"column":0},"end":{"line":66,"column":3}},"6":{"start":{"line":8,"column":19},"end":{"line":8,"column":27}},"7":{"start":{"line":15,"column":2},"end":{"line":41,"column":105}},"8":{"start":{"line":15,"column":28},"end":{"line":15,"column":42}},"9":{"start":{"line":15,"column":43},"end":{"line":15,"column":81}},"10":{"start":{"line":16,"column":7},"end":{"line":41,"column":105}},"11":{"start":{"line":16,"column":29},"end":{"line":16,"column":44}},"12":{"start":{"line":16,"column":45},"end":{"line":16,"column":85}},"13":{"start":{"line":17,"column":7},"end":{"line":41,"column":105}},"14":{"start":{"line":17,"column":31},"end":{"line":17,"column":46}},"15":{"start":{"line":17,"column":47},"end":{"line":17,"column":76}},"16":{"start":{"line":18,"column":7},"end":{"line":41,"column":105}},"17":{"start":{"line":20,"column":4},"end":{"line":39,"column":5}},"18":{"start":{"line":21,"column":6},"end":{"line":30,"column":7}},"19":{"start":{"line":22,"column":21},"end":{"line":22,"column":53}},"20":{"start":{"line":23,"column":8},"end":{"line":29,"column":9}},"21":{"start":{"line":24,"column":22},"end":{"line":24,"column":32}},"22":{"start":{"line":25,"column":10},"end":{"line":25,"column":29}},"23":{"start":{"line":26,"column":10},"end":{"line":26,"column":76}},"24":{"start":{"line":27,"column":10},"end":{"line":27,"column":38}},"25":{"start":{"line":28,"column":10},"end":{"line":28,"column":28}},"26":{"start":{"line":32,"column":6},"end":{"line":34,"column":7}},"27":{"start":{"line":33,"column":8},"end":{"line":33,"column":54}},"28":{"start":{"line":35,"column":6},"end":{"line":35,"column":47}},"29":{"start":{"line":37,"column":6},"end":{"line":37,"column":53}},"30":{"start":{"line":38,"column":6},"end":{"line":38,"column":74}},"31":{"start":{"line":41,"column":7},"end":{"line":41,"column":105}},"32":{"start":{"line":43,"column":2},"end":{"line":65,"column":3}},"33":{"start":{"line":44,"column":20},"end":{"line":60,"column":6}},"34":{"start":{"line":61,"column":4},"end":{"line":61,"column":35}},"35":{"start":{"line":63,"column":4},"end":{"line":63,"column":54}},"36":{"start":{"line":64,"column":4},"end":{"line":64,"column":73}},"37":{"start":{"line":68,"column":0},"end":{"line":70,"column":3}},"38":{"start":{"line":69,"column":2},"end":{"line":69,"column":32}},"39":{"start":{"line":72,"column":0},"end":{"line":74,"column":3}},"40":{"start":{"line":73,"column":2},"end":{"line":73,"column":31}},"41":{"start":{"line":76,"column":0},"end":{"line":76,"column":24}}},"fnMap":{"0":{"name":"(anonymous_0)","decl":{"start":{"line":7,"column":53},"end":{"line":7,"column":54}},"loc":{"start":{"line":7,"column":73},"end":{"line":66,"column":1}},"line":7},"1":{"name":"(anonymous_1)","decl":{"start":{"line":68,"column":36},"end":{"line":68,"column":37}},"loc":{"start":{"line":68,"column":50},"end":{"line":70,"column":1}},"line":68},"2":{"name":"(anonymous_2)","decl":{"start":{"line":72,"column":35},"end":{"line":72,"column":36}},"loc":{"start":{"line":72,"column":49},"end":{"line":74,"column":1}},"line":72}},"branchMap":{"0":{"loc":{"start":{"line":3,"column":33},"end":{"line":3,"column":68}},"type":"binary-expr","locations":[{"start":{"line":3,"column":33},"end":{"line":3,"column":62}},{"start":{"line":3,"column":66},"end":{"line":3,"column":68}}],"line":3},"1":{"loc":{"start":{"line":15,"column":2},"end":{"line":41,"column":105}},"type":"if","locations":[{"start":{"line":15,"column":2},"end":{"line":41,"column":105}},{"start":{"line":16,"column":7},"end":{"line":41,"column":105}}],"line":15},"2":{"loc":{"start":{"line":16,"column":7},"end":{"line":41,"column":105}},"type":"if","locations":[{"start":{"line":16,"column":7},"end":{"line":41,"column":105}},{"start":{"line":17,"column":7},"end":{"line":41,"column":105}}],"line":16},"3":{"loc":{"start":{"line":17,"column":7},"end":{"line":41,"column":105}},"type":"if","locations":[{"start":{"line":17,"column":7},"end":{"line":41,"column":105}},{"start":{"line":18,"column":7},"end":{"line":41,"column":105}}],"line":17},"4":{"loc":{"start":{"line":18,"column":7},"end":{"line":41,"column":105}},"type":"if","locations":[{"start":{"line":18,"column":7},"end":{"line":41,"column":105}},{"start":{"line":41,"column":7},"end":{"line":41,"column":105}}],"line":18},"5":{"loc":{"start":{"line":21,"column":6},"end":{"line":30,"column":7}},"type":"if","locations":[{"start":{"line":21,"column":6},"end":{"line":30,"column":7}},{"start":{},"end":{}}],"line":21},"6":{"loc":{"start":{"line":21,"column":10},"end":{"line":21,"column":33}},"type":"binary-expr","locations":[{"start":{"line":21,"column":10},"end":{"line":21,"column":18}},{"start":{"line":21,"column":22},"end":{"line":21,"column":33}}],"line":21},"7":{"loc":{"start":{"line":23,"column":8},"end":{"line":29,"column":9}},"type":"if","locations":[{"start":{"line":23,"column":8},"end":{"line":29,"column":9}},{"start":{},"end":{}}],"line":23},"8":{"loc":{"start":{"line":32,"column":6},"end":{"line":34,"column":7}},"type":"if","locations":[{"start":{"line":32,"column":6},"end":{"line":34,"column":7}},{"start":{},"end":{}}],"line":32},"9":{"loc":{"start":{"line":32,"column":10},"end":{"line":32,"column":97}},"type":"binary-expr","locations":[{"start":{"line":32,"column":10},"end":{"line":32,"column":37}},{"start":{"line":32,"column":41},"end":{"line":32,"column":97}}],"line":32},"10":{"loc":{"start":{"line":57,"column":22},"end":{"line":57,"column":73}},"type":"binary-expr","locations":[{"start":{"line":57,"column":22},"end":{"line":57,"column":46}},{"start":{"line":57,"column":50},"end":{"line":57,"column":73}}],"line":57},"11":{"loc":{"start":{"line":58,"column":21},"end":{"line":58,"column":72}},"type":"binary-expr","locations":[{"start":{"line":58,"column":21},"end":{"line":58,"column":45}},{"start":{"line":58,"column":49},"end":{"line":58,"column":72}}],"line":58}},"s":{"0":5,"1":5,"2":5,"3":5,"4":5,"5":5,"6":0,"7":0,"8":0,"9":0,"10":0,"11":0,"12":0,"13":0,"14":0,"15":0,"16":0,"17":0,"18":0,"19":0,"20":0,"21":0,"22":0,"23":0,"24":0,"25":0,"26":0,"27":0,"28":0,"29":0,"30":0,"31":0,"32":0,"33":0,"34":0,"35":0,"36":0,"37":5,"38":0,"39":5,"40":0,"41":5},"f":{"0":0,"1":0,"2":0},"b":{"0":[5,5],"1":[0,0],"2":[0,0],"3":[0,0],"4":[0,0],"5":[0,0],"6":[0,0],"7":[0,0],"8":[0,0],"9":[0,0],"10":[0,0],"11":[0,0]},"_coverageSchema":"1a1c01bbd47fc00a2c39e90264f33305004495a9","hash":"775d1bda3b2f8985fdbb1b0cd39f4367d4e6e7a7"}
,"/Users/allengregorystewart/Dropbox/My Mac (Allen’s iMac)/Desktop/kno_app/backend/utils/mailer.js": {"path":"/Users/allengregorystewart/Dropbox/My Mac (Allen’s iMac)/Desktop/kno_app/backend/utils/mailer.js","statementMap":{"0":{"start":{"line":1,"column":19},"end":{"line":1,"column":40}},"1":{"start":{"line":3,"column":18},"end":{"line":3,"column":39}},"2":{"start":{"line":4,"column":18},"end":{"line":4,"column":46}},"3":{"start":{"line":5,"column":18},"end":{"line":5,"column":39}},"4":{"start":{"line":6,"column":18},"end":{"line":6,"column":39}},"5":{"start":{"line":9,"column":0},"end":{"line":27,"column":1}},"6":{"start":{"line":10,"column":2},"end":{"line":15,"column":5}},"7":{"start":{"line":18,"column":2},"end":{"line":26,"column":5}},"8":{"start":{"line":29,"column":0},"end":{"line":31,"column":2}},"9":{"start":{"line":30,"column":22},"end":{"line":30,"column":111}}},"fnMap":{"0":{"name":"(anonymous_0)","decl":{"start":{"line":30,"column":12},"end":{"line":30,"column":13}},"loc":{"start":{"line":30,"column":22},"end":{"line":30,"column":111}},"line":30}},"branchMap":{"0":{"loc":{"start":{"line":4,"column":18},"end":{"line":4,"column":46}},"type":"binary-expr","locations":[{"start":{"line":4,"column":18},"end":{"line":4,"column":39}},{"start":{"line":4,"column":43},"end":{"line":4,"column":46}}],"line":4},"1":{"loc":{"start":{"line":9,"column":0},"end":{"line":27,"column":1}},"type":"if","locations":[{"start":{"line":9,"column":0},"end":{"line":27,"column":1}},{"start":{"line":16,"column":7},"end":{"line":27,"column":1}}],"line":9},"2":{"loc":{"start":{"line":9,"column":4},"end":{"line":9,"column":26}},"type":"binary-expr","locations":[{"start":{"line":9,"column":4},"end":{"line":9,"column":13}},{"start":{"line":9,"column":17},"end":{"line":9,"column":26}}],"line":9},"3":{"loc":{"start":{"line":30,"column":51},"end":{"line":30,"column":99}},"type":"binary-expr","locations":[{"start":{"line":30,"column":51},"end":{"line":30,"column":72}},{"start":{"line":30,"column":76},"end":{"line":30,"column":99}}],"line":30}},"s":{"0":5,"1":5,"2":5,"3":5,"4":5,"5":5,"6":0,"7":5,"8":5,"9":0},"f":{"0":0},"b":{"0":[5,0],"1":[0,5],"2":[5,0],"3":[0,0]},"_coverageSchema":"1a1c01bbd47fc00a2c39e90264f33305004495a9","hash":"9b2f33eb63122a3e45f9d7d5ad9e1dd2c8f84063"}
}
