TN:
SF:server.js
FN:18,(anonymous_0)
FN:19,(anonymous_1)
FN:35,(anonymous_2)
FN:50,(anonymous_3)
FN:113,(anonymous_4)
FNF:5
FNH:2
FNDA:5,(anonymous_0)
FNDA:0,(anonymous_1)
FNDA:26,(anonymous_2)
FNDA:0,(anonymous_3)
FNDA:0,(anonymous_4)
DA:1,5
DA:2,5
DA:3,5
DA:4,5
DA:5,5
DA:6,5
DA:7,5
DA:8,5
DA:10,5
DA:14,5
DA:16,5
DA:17,5
DA:18,5
DA:19,0
DA:21,5
DA:22,5
DA:24,5
DA:25,5
DA:28,5
DA:31,5
DA:32,5
DA:35,5
DA:36,26
DA:37,26
DA:38,14
DA:39,14
DA:40,14
DA:41,14
DA:42,14
DA:43,14
DA:47,14
DA:50,5
DA:51,0
DA:52,0
DA:53,0
DA:54,0
DA:55,0
DA:57,0
DA:60,0
DA:61,0
DA:64,0
DA:65,0
DA:66,0
DA:67,0
DA:68,0
DA:69,0
DA:70,0
DA:71,0
DA:72,0
DA:73,0
DA:74,0
DA:75,0
DA:76,0
DA:77,0
DA:78,0
DA:79,0
DA:80,0
DA:81,0
DA:82,0
DA:83,0
DA:84,0
DA:86,0
DA:87,0
DA:90,0
DA:95,0
DA:98,5
DA:99,5
DA:100,5
DA:102,5
DA:105,5
DA:106,5
DA:107,5
DA:108,5
DA:110,5
DA:112,5
DA:113,0
DA:116,5
LF:77
LH:42
BRDA:16,0,0,5
BRDA:16,0,1,0
BRDA:31,1,0,5
BRDA:31,1,1,5
BRDA:36,2,0,26
BRDA:36,2,1,26
BRDA:37,3,0,12
BRDA:37,3,1,14
BRDA:39,4,0,14
BRDA:39,4,1,0
BRDA:43,5,0,14
BRDA:43,5,1,0
BRDA:54,6,0,0
BRDA:54,6,1,0
BRDA:64,7,0,0
BRDA:64,7,1,0
BRDA:66,8,0,0
BRDA:66,8,1,0
BRDA:69,9,0,0
BRDA:69,9,1,0
BRDA:69,10,0,0
BRDA:69,10,1,0
BRDA:73,11,0,0
BRDA:73,11,1,0
BRDA:75,12,0,0
BRDA:75,12,1,0
BRDA:79,13,0,0
BRDA:79,13,1,0
BRDA:83,14,0,0
BRDA:83,14,1,0
BRDA:84,15,0,0
BRDA:84,15,1,0
BRDA:110,16,0,5
BRDA:110,16,1,0
BRDA:112,17,0,0
BRDA:112,17,1,5
BRF:36
BRH:11
end_of_record
TN:
SF:middleware/auth.js
FN:5,requireAuth
FNF:1
FNH:1
FNDA:15,requireAuth
DA:1,5
DA:3,5
DA:6,15
DA:7,15
DA:8,14
DA:9,14
DA:10,14
DA:11,14
DA:13,0
DA:17,5
LF:10
LH:9
BRDA:3,0,0,5
BRDA:3,0,1,0
BRDA:6,1,0,15
BRDA:6,1,1,15
BRDA:7,2,0,1
BRDA:7,2,1,14
BRF:6
BRH:5
end_of_record
TN:
SF:middleware/privileged.js
FN:3,requirePrivileged
FNF:1
FNH:1
FNDA:6,requirePrivileged
DA:1,5
DA:4,6
DA:6,6
DA:8,1
DA:9,1
DA:10,1
DA:11,1
DA:14,5
LF:8
LH:8
BRDA:4,0,0,0
BRDA:4,0,1,6
BRDA:6,1,0,5
BRDA:6,1,1,1
BRDA:9,2,0,0
BRDA:9,2,1,1
BRDA:10,3,0,0
BRDA:10,3,1,1
BRDA:10,4,0,1
BRDA:10,4,1,1
BRF:10
BRH:7
end_of_record
TN:
SF:middleware/tier.js
FN:3,refreshTier
FN:18,checkQuestionAccess
FN:35,consumeQuestion
FN:53,requireFeature
FN:54,(anonymous_4)
FNF:5
FNH:2
FNDA:6,refreshTier
FNDA:0,checkQuestionAccess
FNDA:6,consumeQuestion
FNDA:0,requireFeature
FNDA:0,(anonymous_4)
DA:1,5
DA:4,6
DA:5,6
DA:6,6
DA:7,0
DA:8,0
DA:9,0
DA:10,0
DA:11,0
DA:13,0
DA:14,0
DA:19,0
DA:20,0
DA:21,0
DA:22,0
DA:23,0
DA:24,0
DA:26,0
DA:27,0
DA:29,0
DA:30,0
DA:36,6
DA:37,6
DA:38,6
DA:39,6
DA:40,0
DA:42,6
DA:43,6
DA:44,6
DA:45,6
DA:47,0
DA:48,0
DA:54,0
DA:55,0
DA:56,0
DA:57,0
DA:58,0
DA:59,0
DA:60,0
DA:62,0
DA:63,0
DA:65,0
DA:66,0
DA:71,5
LF:44
LH:13
BRDA:6,0,0,6
BRDA:6,0,1,0
BRDA:6,1,0,6
BRDA:6,1,1,6
BRDA:7,2,0,0
BRDA:7,2,1,0
BRDA:7,3,0,0
BRDA:7,3,1,0
BRDA:13,4,0,0
BRDA:13,4,1,0
BRDA:21,5,0,0
BRDA:21,5,1,0
BRDA:23,6,0,0
BRDA:23,6,1,0
BRDA:23,7,0,0
BRDA:23,7,1,0
BRDA:37,8,0,6
BRDA:37,8,1,6
BRDA:39,9,0,0
BRDA:39,9,1,6
BRDA:39,10,0,6
BRDA:39,10,1,0
BRDA:42,11,0,6
BRDA:42,11,1,0
BRDA:56,12,0,0
BRDA:56,12,1,0
BRDA:59,13,0,0
BRDA:59,13,1,0
BRF:28
BRH:8
end_of_record
TN:
SF:middleware/validators.js
FN:3,check
FN:4,(anonymous_1)
FNF:2
FNH:2
FNDA:21,check
FNDA:16,(anonymous_1)
DA:1,5
DA:4,21
DA:5,16
DA:6,16
DA:7,0
DA:9,0
DA:10,0
DA:13,0
DA:15,16
DA:19,5
DA:25,5
DA:30,5
DA:34,5
DA:38,5
DA:43,5
DA:47,5
DA:49,5
LF:17
LH:13
BRDA:6,0,0,0
BRDA:6,0,1,16
BRDA:9,1,0,0
BRDA:9,1,1,0
BRDA:9,2,0,0
BRDA:9,2,1,0
BRDA:9,2,2,0
BRF:7
BRH:1
end_of_record
TN:
SF:models/Question.js
FNF:0
FNH:0
DA:1,6
DA:3,6
DA:11,6
LF:3
LH:3
BRF:0
BRH:0
end_of_record
TN:
SF:models/SavedPage.js
FNF:0
FNH:0
DA:1,5
DA:3,5
DA:9,5
LF:3
LH:3
BRF:0
BRH:0
end_of_record
TN:
SF:models/Submission.js
FNF:0
FNH:0
DA:1,5
DA:3,5
DA:16,5
LF:3
LH:3
BRF:0
BRH:0
end_of_record
TN:
SF:models/User.js
FN:10,(anonymous_0)
FNF:1
FNH:0
FNDA:0,(anonymous_0)
DA:1,5
DA:3,5
DA:10,0
DA:15,5
LF:4
LH:3
BRF:0
BRH:0
end_of_record
TN:
SF:routes/admin.js
FN:10,(anonymous_0)
FN:18,(anonymous_1)
FN:24,(anonymous_2)
FN:32,(anonymous_3)
FN:37,(anonymous_4)
FN:52,(anonymous_5)
FN:57,(anonymous_6)
FN:64,(anonymous_7)
FN:71,(anonymous_8)
FN:89,(anonymous_9)
FN:97,(anonymous_10)
FN:107,(anonymous_11)
FN:115,(anonymous_12)
FN:122,(anonymous_13)
FN:133,(anonymous_14)
FN:138,(anonymous_15)
FN:144,(anonymous_16)
FN:157,(anonymous_17)
FN:163,(anonymous_18)
FN:169,(anonymous_19)
FN:175,(anonymous_20)
FNF:21
FNH:7
FNDA:0,(anonymous_0)
FNDA:1,(anonymous_1)
FNDA:0,(anonymous_2)
FNDA:0,(anonymous_3)
FNDA:1,(anonymous_4)
FNDA:0,(anonymous_5)
FNDA:1,(anonymous_6)
FNDA:0,(anonymous_7)
FNDA:0,(anonymous_8)
FNDA:0,(anonymous_9)
FNDA:0,(anonymous_10)
FNDA:0,(anonymous_11)
FNDA:0,(anonymous_12)
FNDA:0,(anonymous_13)
FNDA:0,(anonymous_14)
FNDA:0,(anonymous_15)
FNDA:1,(anonymous_16)
FNDA:4,(anonymous_17)
FNDA:1,(anonymous_18)
FNDA:4,(anonymous_19)
FNDA:0,(anonymous_20)
DA:1,5
DA:2,5
DA:3,5
DA:4,5
DA:5,5
DA:6,5
DA:7,5
DA:10,5
DA:11,0
DA:12,0
DA:13,0
DA:14,0
DA:18,5
DA:19,1
DA:20,1
DA:24,5
DA:25,0
DA:26,0
DA:27,0
DA:28,0
DA:32,5
DA:33,0
DA:34,0
DA:35,0
DA:37,5
DA:38,1
DA:40,1
DA:41,1
DA:42,1
DA:43,1
DA:44,1
DA:45,0
DA:47,1
DA:48,1
DA:52,5
DA:53,0
DA:54,0
DA:55,0
DA:57,5
DA:58,1
DA:59,1
DA:60,1
DA:64,5
DA:65,0
DA:66,0
DA:67,0
DA:71,5
DA:72,0
DA:73,0
DA:74,0
DA:75,0
DA:76,0
DA:77,0
DA:79,0
DA:80,0
DA:84,0
DA:85,0
DA:89,5
DA:90,0
DA:91,0
DA:92,0
DA:93,0
DA:97,5
DA:98,0
DA:99,0
DA:100,0
DA:101,0
DA:102,0
DA:103,0
DA:107,5
DA:108,0
DA:109,0
DA:110,0
DA:111,0
DA:115,5
DA:116,0
DA:117,0
DA:118,0
DA:122,5
DA:123,0
DA:124,0
DA:128,0
DA:129,0
DA:133,5
DA:134,0
DA:135,0
DA:136,0
DA:137,0
DA:138,0
DA:139,0
DA:140,0
DA:144,5
DA:145,1
DA:146,1
DA:147,1
DA:148,1
DA:149,1
DA:150,1
DA:151,1
DA:152,1
DA:153,0
DA:155,1
DA:156,1
DA:157,4
DA:158,1
DA:159,1
DA:163,5
DA:164,1
DA:165,1
DA:166,1
DA:167,1
DA:168,1
DA:169,4
DA:170,1
DA:171,1
DA:175,5
DA:176,0
DA:177,0
DA:178,0
DA:179,0
DA:183,0
DA:184,0
DA:185,0
DA:188,5
LF:124
LH:60
BRDA:12,0,0,0
BRDA:12,0,1,0
BRDA:26,1,0,0
BRDA:26,1,1,0
BRDA:34,2,0,0
BRDA:34,2,1,0
BRDA:41,3,0,1
BRDA:41,3,1,0
BRDA:44,4,0,1
BRDA:44,4,1,0
BRDA:45,5,0,0
BRDA:45,5,1,0
BRDA:54,6,0,0
BRDA:54,6,1,0
BRDA:59,7,0,1
BRDA:59,7,1,0
BRDA:66,8,0,0
BRDA:66,8,1,0
BRDA:73,9,0,0
BRDA:73,9,1,0
BRDA:74,10,0,0
BRDA:74,10,1,0
BRDA:84,11,0,0
BRDA:84,11,1,0
BRDA:84,12,0,0
BRDA:84,12,1,0
BRDA:91,13,0,0
BRDA:91,13,1,0
BRDA:98,14,0,0
BRDA:98,14,1,0
BRDA:99,15,0,0
BRDA:99,15,1,0
BRDA:109,16,0,0
BRDA:109,16,1,0
BRDA:117,17,0,0
BRDA:117,17,1,0
BRDA:128,18,0,0
BRDA:128,18,1,0
BRDA:134,19,0,0
BRDA:134,19,1,0
BRDA:135,20,0,0
BRDA:135,20,1,0
BRDA:139,21,0,0
BRDA:139,21,1,0
BRDA:146,22,0,1
BRDA:146,22,1,0
BRDA:147,23,0,1
BRDA:147,23,1,0
BRDA:150,24,0,1
BRDA:150,24,1,0
BRDA:152,25,0,1
BRDA:152,25,1,0
BRDA:153,26,0,0
BRDA:153,26,1,0
BRDA:158,27,0,1
BRDA:158,27,1,0
BRDA:164,28,0,1
BRDA:164,28,1,0
BRDA:165,29,0,1
BRDA:165,29,1,0
BRDA:166,30,0,1
BRDA:166,30,1,0
BRDA:170,31,0,1
BRDA:170,31,1,0
BRDA:177,32,0,0
BRDA:177,32,1,0
BRDA:183,33,0,0
BRDA:183,33,1,0
BRDA:185,34,0,0
BRDA:185,34,1,0
BRF:70
BRH:12
end_of_record
TN:
SF:routes/auth.js
FN:11,(anonymous_0)
FN:12,(anonymous_1)
FN:28,(anonymous_2)
FN:29,(anonymous_3)
FN:46,(anonymous_4)
FN:47,(anonymous_5)
FN:67,(anonymous_6)
FN:77,(anonymous_7)
FN:77,(anonymous_8)
FN:93,(anonymous_9)
FN:99,(anonymous_10)
FNF:11
FNH:2
FNDA:0,(anonymous_0)
FNDA:5,(anonymous_1)
FNDA:0,(anonymous_2)
FNDA:5,(anonymous_3)
FNDA:0,(anonymous_4)
FNDA:0,(anonymous_5)
FNDA:0,(anonymous_6)
FNDA:0,(anonymous_7)
FNDA:0,(anonymous_8)
FNDA:0,(anonymous_9)
FNDA:0,(anonymous_10)
DA:1,5
DA:2,5
DA:3,5
DA:4,5
DA:5,5
DA:6,5
DA:7,5
DA:9,5
DA:11,5
DA:12,5
DA:13,5
DA:14,5
DA:15,5
DA:16,5
DA:17,5
DA:18,5
DA:20,5
DA:21,5
DA:22,5
DA:24,0
DA:28,5
DA:29,5
DA:30,5
DA:31,5
DA:32,5
DA:33,5
DA:34,5
DA:35,5
DA:36,5
DA:42,5
DA:43,5
DA:46,5
DA:47,5
DA:48,0
DA:49,0
DA:50,0
DA:51,0
DA:52,0
DA:53,0
DA:54,0
DA:60,0
DA:63,0
DA:67,5
DA:68,0
DA:69,0
DA:70,0
DA:71,0
DA:73,0
DA:77,5
DA:78,0
DA:79,0
DA:80,0
DA:81,0
DA:82,0
DA:83,0
DA:84,0
DA:85,0
DA:86,0
DA:87,0
DA:89,0
DA:93,5
DA:94,0
DA:95,0
DA:99,5
DA:100,0
DA:101,0
DA:102,0
DA:103,0
DA:104,0
DA:105,0
DA:106,0
DA:108,0
DA:112,5
LF:73
LH:37
BRDA:9,0,0,5
BRDA:9,0,1,0
BRDA:16,1,0,0
BRDA:16,1,1,5
BRDA:32,2,0,0
BRDA:32,2,1,5
BRDA:34,3,0,0
BRDA:34,3,1,5
BRDA:50,4,0,0
BRDA:50,4,1,0
BRDA:52,5,0,0
BRDA:52,5,1,0
BRDA:83,6,0,0
BRDA:83,6,1,0
BRDA:100,7,0,0
BRDA:100,7,1,0
BRDA:101,8,0,0
BRDA:101,8,1,0
BRF:18
BRH:4
end_of_record
TN:
SF:routes/pages.js
FN:9,(anonymous_0)
FN:14,(anonymous_1)
FN:16,(anonymous_2)
FN:19,(anonymous_3)
FN:23,(anonymous_4)
FN:30,(anonymous_5)
FN:36,(anonymous_6)
FN:53,(anonymous_7)
FN:69,(anonymous_8)
FN:83,(anonymous_9)
FN:99,(anonymous_10)
FN:99,(anonymous_11)
FN:106,(anonymous_12)
FN:106,(anonymous_13)
FN:113,(anonymous_14)
FNF:15
FNH:5
FNDA:1,(anonymous_0)
FNDA:0,(anonymous_1)
FNDA:0,(anonymous_2)
FNDA:1,(anonymous_3)
FNDA:0,(anonymous_4)
FNDA:0,(anonymous_5)
FNDA:0,(anonymous_6)
FNDA:0,(anonymous_7)
FNDA:0,(anonymous_8)
FNDA:1,(anonymous_9)
FNDA:6,(anonymous_10)
FNDA:6,(anonymous_11)
FNDA:0,(anonymous_12)
FNDA:0,(anonymous_13)
FNDA:0,(anonymous_14)
DA:1,5
DA:2,5
DA:3,5
DA:4,5
DA:5,5
DA:6,5
DA:7,5
DA:9,5
DA:10,1
DA:11,1
DA:14,5
DA:16,5
DA:19,5
DA:20,1
DA:23,5
DA:24,0
DA:25,0
DA:26,0
DA:27,0
DA:28,0
DA:30,0
DA:31,0
DA:35,0
DA:36,0
DA:38,0
DA:39,0
DA:40,0
DA:41,0
DA:42,0
DA:43,0
DA:44,0
DA:45,0
DA:46,0
DA:49,0
DA:53,5
DA:54,0
DA:55,0
DA:56,0
DA:57,0
DA:58,0
DA:59,0
DA:63,0
DA:64,0
DA:69,5
DA:70,0
DA:71,0
DA:72,0
DA:73,0
DA:74,0
DA:78,0
DA:79,0
DA:83,5
DA:84,1
DA:85,1
DA:86,1
DA:87,1
DA:88,1
DA:89,1
DA:90,1
DA:91,1
DA:95,1
DA:96,1
DA:99,6
DA:100,6
DA:101,6
DA:102,6
DA:106,5
DA:107,0
DA:108,0
DA:109,0
DA:110,0
DA:113,5
DA:114,0
DA:115,0
DA:116,0
DA:117,0
DA:118,0
DA:119,0
DA:120,0
DA:123,5
LF:80
LH:35
BRDA:24,0,0,0
BRDA:24,0,1,0
BRDA:25,1,0,0
BRDA:25,1,1,0
BRDA:38,2,0,0
BRDA:38,2,1,0
BRDA:39,3,0,0
BRDA:39,3,1,0
BRDA:54,4,0,0
BRDA:54,4,1,0
BRDA:56,5,0,0
BRDA:56,5,1,0
BRDA:63,6,0,0
BRDA:63,6,1,0
BRDA:63,7,0,0
BRDA:63,7,1,0
BRDA:72,8,0,0
BRDA:72,8,1,0
BRDA:78,9,0,0
BRDA:78,9,1,0
BRDA:78,10,0,0
BRDA:78,10,1,0
BRDA:85,11,0,1
BRDA:85,11,1,1
BRDA:86,12,0,1
BRDA:86,12,1,1
BRDA:95,13,0,0
BRDA:95,13,1,1
BRDA:95,14,0,1
BRDA:95,14,1,0
BRDA:109,15,0,0
BRDA:109,15,1,0
BRDA:115,16,0,0
BRDA:115,16,1,0
BRDA:116,17,0,0
BRDA:116,17,1,0
BRF:36
BRH:6
end_of_record
TN:
SF:routes/payments.js
FN:7,(anonymous_0)
FN:68,(anonymous_1)
FN:72,(anonymous_2)
FNF:3
FNH:0
FNDA:0,(anonymous_0)
FNDA:0,(anonymous_1)
FNDA:0,(anonymous_2)
DA:1,5
DA:2,5
DA:3,5
DA:4,5
DA:5,5
DA:7,5
DA:8,0
DA:15,0
DA:16,0
DA:17,0
DA:18,0
DA:20,0
DA:21,0
DA:22,0
DA:23,0
DA:24,0
DA:25,0
DA:26,0
DA:27,0
DA:28,0
DA:32,0
DA:33,0
DA:35,0
DA:37,0
DA:38,0
DA:41,0
DA:43,0
DA:44,0
DA:61,0
DA:63,0
DA:64,0
DA:68,5
DA:69,0
DA:72,5
DA:73,0
DA:76,5
LF:36
LH:9
BRDA:3,0,0,5
BRDA:3,0,1,5
BRDA:15,1,0,0
BRDA:15,1,1,0
BRDA:16,2,0,0
BRDA:16,2,1,0
BRDA:17,3,0,0
BRDA:17,3,1,0
BRDA:18,4,0,0
BRDA:18,4,1,0
BRDA:21,5,0,0
BRDA:21,5,1,0
BRDA:21,6,0,0
BRDA:21,6,1,0
BRDA:23,7,0,0
BRDA:23,7,1,0
BRDA:32,8,0,0
BRDA:32,8,1,0
BRDA:32,9,0,0
BRDA:32,9,1,0
BRDA:57,10,0,0
BRDA:57,10,1,0
BRDA:58,11,0,0
BRDA:58,11,1,0
BRF:24
BRH:2
end_of_record
TN:
SF:utils/mailer.js
FN:30,(anonymous_0)
FNF:1
FNH:0
FNDA:0,(anonymous_0)
DA:1,5
DA:3,5
DA:4,5
DA:5,5
DA:6,5
DA:9,5
DA:10,0
DA:18,5
DA:29,5
DA:30,0
LF:10
LH:8
BRDA:4,0,0,5
BRDA:4,0,1,0
BRDA:9,1,0,0
BRDA:9,1,1,5
BRDA:9,2,0,5
BRDA:9,2,1,0
BRDA:30,3,0,0
BRDA:30,3,1,0
BRF:8
BRH:3
end_of_record
